Using pre-set license
Built from '2021.3/staging' branch; Version is '2021.3.5f1 (40eb3a945986) revision 4254522'; Using compiler version '192829333'; Build Type 'Release'
OS: 'Windows 10  (10.0.19044) 64bit Professional' Language: 'ko' Physical Memory: 32706 MB
BatchMode: 1, IsHumanControllingUs: 0, StartBugReporterOnCrash: 0, Is64bit: 1, IsPro: 1

COMMAND LINE ARGUMENTS:
C:\2021.3.5f1\Editor\Unity.exe
-adb2
-batchMode
-noUpm
-name
AssetImportWorker0
-projectPath
C:/Users/user/OneDrive/바탕 화면/깃허브 레포지터리/CG_HW2_CJU/CG_HW2_CJU
-logFile
Logs/AssetImportWorker0.log
-srvPort
53467
Successfully changed project path to: C:/Users/user/OneDrive/바탕 화면/깃허브 레포지터리/CG_HW2_CJU/CG_HW2_CJU
C:/Users/user/OneDrive/바탕 화면/깃허브 레포지터리/CG_HW2_CJU/CG_HW2_CJU
[UnityMemory] Configuration Parameters - Can be set up in boot.config
    "memorysetup-bucket-allocator-granularity=16"
    "memorysetup-bucket-allocator-bucket-count=8"
    "memorysetup-bucket-allocator-block-size=33554432"
    "memorysetup-bucket-allocator-block-count=8"
    "memorysetup-main-allocator-block-size=16777216"
    "memorysetup-thread-allocator-block-size=16777216"
    "memorysetup-gfx-main-allocator-block-size=16777216"
    "memorysetup-gfx-thread-allocator-block-size=16777216"
    "memorysetup-cache-allocator-block-size=4194304"
    "memorysetup-typetree-allocator-block-size=2097152"
    "memorysetup-profiler-bucket-allocator-granularity=16"
    "memorysetup-profiler-bucket-allocator-bucket-count=8"
    "memorysetup-profiler-bucket-allocator-block-size=33554432"
    "memorysetup-profiler-bucket-allocator-block-count=8"
    "memorysetup-profiler-allocator-block-size=16777216"
    "memorysetup-profiler-editor-allocator-block-size=1048576"
    "memorysetup-temp-allocator-size-main=16777216"
    "memorysetup-job-temp-allocator-block-size=2097152"
    "memorysetup-job-temp-allocator-block-size-background=1048576"
    "memorysetup-job-temp-allocator-reduction-small-platforms=262144"
    "memorysetup-temp-allocator-size-background-worker=32768"
    "memorysetup-temp-allocator-size-job-worker=262144"
    "memorysetup-temp-allocator-size-preload-manager=33554432"
    "memorysetup-temp-allocator-size-nav-mesh-worker=65536"
    "memorysetup-temp-allocator-size-audio-worker=65536"
    "memorysetup-temp-allocator-size-cloud-worker=32768"
    "memorysetup-temp-allocator-size-gi-baking-worker=262144"
    "memorysetup-temp-allocator-size-gfx=262144"
Refreshing native plugins compatible for Editor in 79.03 ms, found 3 plugins.
Preloading 0 native plugins for Editor in 0.00 ms.
Initialize engine version: 2021.3.5f1 (40eb3a945986)
[Subsystems] Discovering subsystems at path C:/2021.3.5f1/Editor/Data/Resources/UnitySubsystems
[Subsystems] Discovering subsystems at path C:/Users/user/OneDrive/바탕 화면/깃허브 레포지터리/CG_HW2_CJU/CG_HW2_CJU/Assets
GfxDevice: creating device client; threaded=0; jobified=0
Direct3D:
    Version:  Direct3D 11.0 [level 11.1]
    Renderer: NVIDIA GeForce RTX 3060 Ti (ID=0x2486)
    Vendor:   NVIDIA
    VRAM:     8038 MB
    Driver:   31.0.15.2647
Initialize mono
Mono path[0] = 'C:/2021.3.5f1/Editor/Data/Managed'
Mono path[1] = 'C:/2021.3.5f1/Editor/Data/MonoBleedingEdge/lib/mono/unityjit-win32'
Mono config path = 'C:/2021.3.5f1/Editor/Data/MonoBleedingEdge/etc'
Using monoOptions --debugger-agent=transport=dt_socket,embedding=1,server=y,suspend=n,address=127.0.0.1:56088
Begin MonoManager ReloadAssembly
Registering precompiled unity dll's ...
Register platform support module: C:/2021.3.5f1/Editor/Data/PlaybackEngines/WindowsStandaloneSupport/UnityEditor.WindowsStandalone.Extensions.dll
Registered in 0.008540 seconds.
Native extension for WindowsStandalone target not found
Refreshing native plugins compatible for Editor in 77.07 ms, found 3 plugins.
Preloading 0 native plugins for Editor in 0.00 ms.
Mono: successfully reloaded assembly
- Completed reload, in  0.651 seconds
Domain Reload Profiling:
	ReloadAssembly (651ms)
		BeginReloadAssembly (94ms)
			ExecutionOrderSort (0ms)
			DisableScriptedObjects (0ms)
			BackupInstance (0ms)
			ReleaseScriptingObjects (0ms)
			CreateAndSetChildDomain (1ms)
		EndReloadAssembly (437ms)
			LoadAssemblies (90ms)
			RebuildTransferFunctionScriptingTraits (0ms)
			SetupTypeCache (96ms)
			ReleaseScriptCaches (0ms)
			RebuildScriptCaches (29ms)
			SetupLoadedEditorAssemblies (257ms)
				LogAssemblyErrors (0ms)
				InitializePlatformSupportModulesInManaged (8ms)
				SetLoadedEditorAssemblies (0ms)
				RefreshPlugins (77ms)
				BeforeProcessingInitializeOnLoad (1ms)
				ProcessInitializeOnLoadAttributes (117ms)
				ProcessInitializeOnLoadMethodAttributes (53ms)
				AfterProcessingInitializeOnLoad (0ms)
				EditorAssembliesLoaded (0ms)
			ExecutionOrderSort2 (0ms)
			AwakeInstancesAfterBackupRestoration (0ms)
Platform modules already initialized, skipping
Registering precompiled user dll's ...
Registered in 0.013071 seconds.
Begin MonoManager ReloadAssembly
Symbol file LoadedFromMemory doesn't match image C:\Users\user\OneDrive\바탕 화면\깃허브 레포지터리\CG_HW2_CJU\CG_HW2_CJU\Library\PackageCache\com.unity.visualscripting@1.7.8\Editor\VisualScripting.Core\Dependencies\YamlDotNet\Unity.VisualScripting.YamlDotNet.dll
Symbol file LoadedFromMemory doesn't match image C:\Users\user\OneDrive\바탕 화면\깃허브 레포지터리\CG_HW2_CJU\CG_HW2_CJU\Library\PackageCache\com.unity.visualscripting@1.7.8\Editor\VisualScripting.Core\Dependencies\DotNetZip\Unity.VisualScripting.IonicZip.dll
Native extension for WindowsStandalone target not found
Refreshing native plugins compatible for Editor in 0.55 ms, found 3 plugins.
Preloading 0 native plugins for Editor in 0.00 ms.
Mono: successfully reloaded assembly
- Completed reload, in  1.059 seconds
Domain Reload Profiling:
	ReloadAssembly (1060ms)
		BeginReloadAssembly (127ms)
			ExecutionOrderSort (0ms)
			DisableScriptedObjects (6ms)
			BackupInstance (0ms)
			ReleaseScriptingObjects (0ms)
			CreateAndSetChildDomain (17ms)
		EndReloadAssembly (814ms)
			LoadAssemblies (111ms)
			RebuildTransferFunctionScriptingTraits (0ms)
			SetupTypeCache (242ms)
			ReleaseScriptCaches (1ms)
			RebuildScriptCaches (51ms)
			SetupLoadedEditorAssemblies (376ms)
				LogAssemblyErrors (0ms)
				InitializePlatformSupportModulesInManaged (6ms)
				SetLoadedEditorAssemblies (0ms)
				RefreshPlugins (1ms)
				BeforeProcessingInitializeOnLoad (101ms)
				ProcessInitializeOnLoadAttributes (227ms)
				ProcessInitializeOnLoadMethodAttributes (26ms)
				AfterProcessingInitializeOnLoad (14ms)
				EditorAssembliesLoaded (0ms)
			ExecutionOrderSort2 (0ms)
			AwakeInstancesAfterBackupRestoration (11ms)
Platform modules already initialized, skipping
========================================================================
Worker process is ready to serve import requests
Launched and connected shader compiler UnityShaderCompiler.exe after 0.05 seconds
Refreshing native plugins compatible for Editor in 0.75 ms, found 3 plugins.
Preloading 0 native plugins for Editor in 0.00 ms.
Unloading 3378 Unused Serialized files (Serialized files now loaded: 0)
Unloading 27 unused Assets / (113.1 KB). Loaded Objects now: 3864.
Memory consumption went from 139.6 MB to 139.5 MB.
Total: 2.993900 ms (FindLiveObjects: 0.303700 ms CreateObjectMapping: 0.267100 ms MarkObjects: 2.278000 ms  DeleteObjects: 0.144100 ms)

AssetImportParameters requested are different than current active one (requested -> active):
  custom:video-decoder-ogg-theora: a1e56fd34408186e4bbccfd4996cb3dc -> 
  custom:container-muxer-webm: aa71ff27fc2769a1b78a27578f13a17b -> 
  custom:container-demuxer-webm: 4f35f7cbe854078d1ac9338744f61a02 -> 
  custom:video-encoder-webm-vp8: eb34c28f22e8b96e1ab97ce403110664 -> 
  custom:audio-encoder-webm-vorbis: bf7c407c2cedff20999df2af8eb42d56 -> 
  custom:framework-win-MediaFoundation: 216162199b28c13a410421893ffa2e32 -> 
  custom:container-demuxer-ogg: 62fdf1f143b41e24485cea50d1cbac27 -> 
  custom:video-decoder-webm-vp8: 9c59270c3fd7afecdb556c50c9e8de78 -> 
  custom:audio-decoder-ogg-vorbis: bf7c407c2cedff20999df2af8eb42d56 -> 
========================================================================
Received Import Request.
  Time since last request: 208886.346209 seconds.
  path: Assets/Fantasy Monster(wizard) Demo/Environment/Effects/particle_blood_02.png
  artifactKey: Guid(03aa9b4eeca491f4a8d18cbdd9ff6b30) Importer(815301076,1909f56bfc062723c751e8b465ee728b)
Start importing Assets/Fantasy Monster(wizard) Demo/Environment/Effects/particle_blood_02.png using Guid(03aa9b4eeca491f4a8d18cbdd9ff6b30) Importer(815301076,1909f56bfc062723c751e8b465ee728b)  -> (artifact id: '15c6b493ecc9ce4550d81f3679f7b949') in 0.124307 seconds 
========================================================================
Received Import Request.
  Time since last request: 0.000021 seconds.
  path: Assets/Fantasy Monster(wizard) Demo/Environment/Effects/Particle_scratch_Alpha.mat
  artifactKey: Guid(4d931d49490a1cf42b832cdda0fbd31e) Importer(815301076,1909f56bfc062723c751e8b465ee728b)
Start importing Assets/Fantasy Monster(wizard) Demo/Environment/Effects/Particle_scratch_Alpha.mat using Guid(4d931d49490a1cf42b832cdda0fbd31e) Importer(815301076,1909f56bfc062723c751e8b465ee728b)  -> (artifact id: '3abc2bb6142c9cd07e1f30eeb0357eeb') in 0.076936 seconds 
========================================================================
Received Import Request.
  Time since last request: 0.000277 seconds.
  path: Assets/Fantasy Monster(wizard) Demo/Environment/Effects/particle_exp_tick_01_Add.mat
  artifactKey: Guid(d49d2c98cd49c104eaeaadc5d00dded2) Importer(815301076,1909f56bfc062723c751e8b465ee728b)
Start importing Assets/Fantasy Monster(wizard) Demo/Environment/Effects/particle_exp_tick_01_Add.mat using Guid(d49d2c98cd49c104eaeaadc5d00dded2) Importer(815301076,1909f56bfc062723c751e8b465ee728b)  -> (artifact id: '926f056cc880a2c5783613440d46e409') in 0.019710 seconds 
========================================================================
Received Import Request.
  Time since last request: 3.540665 seconds.
  path: Assets/Fantasy Monster(wizard) Demo/Textures/wizard_01_ao DEMO.png
  artifactKey: Guid(2e6d39dacb9776149b50c39904930f2b) Importer(815301076,1909f56bfc062723c751e8b465ee728b)
Start importing Assets/Fantasy Monster(wizard) Demo/Textures/wizard_01_ao DEMO.png using Guid(2e6d39dacb9776149b50c39904930f2b) Importer(815301076,1909f56bfc062723c751e8b465ee728b)  -> (artifact id: '08388f3f13f31c76cc69c502ab133fab') in 0.033898 seconds 
========================================================================
Received Import Request.
  Time since last request: 0.000017 seconds.
  path: Assets/Fantasy Monster(wizard) Demo/Textures/wizard_addon_01_metalic.tga
  artifactKey: Guid(dcc86a764a88dc842b5b8329538e73ba) Importer(815301076,1909f56bfc062723c751e8b465ee728b)
Start importing Assets/Fantasy Monster(wizard) Demo/Textures/wizard_addon_01_metalic.tga using Guid(dcc86a764a88dc842b5b8329538e73ba) Importer(815301076,1909f56bfc062723c751e8b465ee728b)  -> (artifact id: '88eddb3441a3b3ef4f7d3da513f2d76d') in 0.024266 seconds 
========================================================================
Received Import Request.
  Time since last request: 0.000021 seconds.
  path: Assets/Fantasy Monster(wizard) Demo/Textures/wizard_addon_01_ao.png
  artifactKey: Guid(8677e820413ff1f488f8ca934c78dd33) Importer(815301076,1909f56bfc062723c751e8b465ee728b)
Start importing Assets/Fantasy Monster(wizard) Demo/Textures/wizard_addon_01_ao.png using Guid(8677e820413ff1f488f8ca934c78dd33) Importer(815301076,1909f56bfc062723c751e8b465ee728b)  -> (artifact id: 'de27bec89834111020bb8604a3070bf8') in 0.016609 seconds 
========================================================================
Received Import Request.
  Time since last request: 0.000029 seconds.
  path: Assets/Fantasy Monster(wizard) Demo/Textures/wizard_addon_01_nor DEMO.png
  artifactKey: Guid(fd969b155ab656a438806041e9c8baa4) Importer(815301076,1909f56bfc062723c751e8b465ee728b)
Start importing Assets/Fantasy Monster(wizard) Demo/Textures/wizard_addon_01_nor DEMO.png using Guid(fd969b155ab656a438806041e9c8baa4) Importer(815301076,1909f56bfc062723c751e8b465ee728b)  -> (artifact id: 'f31cb17506f31cac0bc29c982e014c1d') in 0.047560 seconds 
========================================================================
Received Prepare
Registering precompiled user dll's ...
Registered in 0.012286 seconds.
Begin MonoManager ReloadAssembly
Symbol file LoadedFromMemory doesn't match image C:\Users\user\OneDrive\바탕 화면\깃허브 레포지터리\CG_HW2_CJU\CG_HW2_CJU\Library\PackageCache\com.unity.visualscripting@1.7.8\Editor\VisualScripting.Core\Dependencies\YamlDotNet\Unity.VisualScripting.YamlDotNet.dll
Symbol file LoadedFromMemory doesn't match image C:\Users\user\OneDrive\바탕 화면\깃허브 레포지터리\CG_HW2_CJU\CG_HW2_CJU\Library\PackageCache\com.unity.visualscripting@1.7.8\Editor\VisualScripting.Core\Dependencies\DotNetZip\Unity.VisualScripting.IonicZip.dll
Native extension for WindowsStandalone target not found
Refreshing native plugins compatible for Editor in 0.88 ms, found 3 plugins.
Preloading 0 native plugins for Editor in 0.00 ms.
Mono: successfully reloaded assembly
- Completed reload, in  1.104 seconds
Domain Reload Profiling:
	ReloadAssembly (1105ms)
		BeginReloadAssembly (157ms)
			ExecutionOrderSort (0ms)
			DisableScriptedObjects (4ms)
			BackupInstance (0ms)
			ReleaseScriptingObjects (0ms)
			CreateAndSetChildDomain (36ms)
		EndReloadAssembly (839ms)
			LoadAssemblies (116ms)
			RebuildTransferFunctionScriptingTraits (0ms)
			SetupTypeCache (257ms)
			ReleaseScriptCaches (1ms)
			RebuildScriptCaches (53ms)
			SetupLoadedEditorAssemblies (364ms)
				LogAssemblyErrors (0ms)
				InitializePlatformSupportModulesInManaged (14ms)
				SetLoadedEditorAssemblies (0ms)
				RefreshPlugins (1ms)
				BeforeProcessingInitializeOnLoad (92ms)
				ProcessInitializeOnLoadAttributes (209ms)
				ProcessInitializeOnLoadMethodAttributes (29ms)
				AfterProcessingInitializeOnLoad (19ms)
				EditorAssembliesLoaded (0ms)
			ExecutionOrderSort2 (0ms)
			AwakeInstancesAfterBackupRestoration (15ms)
Platform modules already initialized, skipping
Refreshing native plugins compatible for Editor in 2.70 ms, found 3 plugins.
Preloading 0 native plugins for Editor in 0.00 ms.
Unloading 3372 Unused Serialized files (Serialized files now loaded: 0)
Unloading 20 unused Assets / (82.7 KB). Loaded Objects now: 3909.
Memory consumption went from 144.1 MB to 144.0 MB.
Total: 2.606000 ms (FindLiveObjects: 0.286200 ms CreateObjectMapping: 0.220000 ms MarkObjects: 1.999600 ms  DeleteObjects: 0.099500 ms)

AssetImportParameters requested are different than current active one (requested -> active):
  custom:video-decoder-ogg-theora: a1e56fd34408186e4bbccfd4996cb3dc -> 
  custom:container-muxer-webm: aa71ff27fc2769a1b78a27578f13a17b -> 
  custom:container-demuxer-webm: 4f35f7cbe854078d1ac9338744f61a02 -> 
  custom:video-encoder-webm-vp8: eb34c28f22e8b96e1ab97ce403110664 -> 
  custom:audio-encoder-webm-vorbis: bf7c407c2cedff20999df2af8eb42d56 -> 
  custom:framework-win-MediaFoundation: 216162199b28c13a410421893ffa2e32 -> 
  custom:container-demuxer-ogg: 62fdf1f143b41e24485cea50d1cbac27 -> 
  custom:video-decoder-webm-vp8: 9c59270c3fd7afecdb556c50c9e8de78 -> 
  custom:audio-decoder-ogg-vorbis: bf7c407c2cedff20999df2af8eb42d56 -> 
========================================================================
Received Import Request.
  Time since last request: 93.631859 seconds.
  path: Assets/Fantasy Monster(wizard) Demo/Environment/Effects/effect_attack_short_01.anim
  artifactKey: Guid(4029d7b370757f849aeebc2fe714cffa) Importer(815301076,1909f56bfc062723c751e8b465ee728b)
Start importing Assets/Fantasy Monster(wizard) Demo/Environment/Effects/effect_attack_short_01.anim using Guid(4029d7b370757f849aeebc2fe714cffa) Importer(815301076,1909f56bfc062723c751e8b465ee728b)  -> (artifact id: 'fc3346830082b3043fbeba77477106b4') in 0.026290 seconds 
========================================================================
Received Import Request.
  Time since last request: 30.951803 seconds.
  path: Assets/Packages/Casual Kingdom - Free Package/asset_explain_usage.docx
  artifactKey: Guid(800bfc4cea87cb4409c999873f897b82) Importer(815301076,1909f56bfc062723c751e8b465ee728b)
Start importing Assets/Packages/Casual Kingdom - Free Package/asset_explain_usage.docx using Guid(800bfc4cea87cb4409c999873f897b82) Importer(815301076,1909f56bfc062723c751e8b465ee728b)  -> (artifact id: '866803758d540915ba9fc36972308d60') in 0.011856 seconds 
========================================================================
Received Import Request.
  Time since last request: 42.965189 seconds.
  path: Assets/FantasyMonster/Skeleton
  artifactKey: Guid(6433dec677ea9224ba9b1e14b358df87) Importer(815301076,1909f56bfc062723c751e8b465ee728b)
Start importing Assets/FantasyMonster/Skeleton using Guid(6433dec677ea9224ba9b1e14b358df87) Importer(815301076,1909f56bfc062723c751e8b465ee728b)  -> (artifact id: '342cdbd233b00df455968d8d19caf796') in 0.005431 seconds 
========================================================================
Received Import Request.
  Time since last request: 1.044064 seconds.
  path: Assets/FantasyMonster/Skeleton/Character
  artifactKey: Guid(0ece169c6a7433246a903bec368f2654) Importer(815301076,1909f56bfc062723c751e8b465ee728b)
Start importing Assets/FantasyMonster/Skeleton/Character using Guid(0ece169c6a7433246a903bec368f2654) Importer(815301076,1909f56bfc062723c751e8b465ee728b)  -> (artifact id: 'd16652a02c92323a226146168d7df5c9') in 0.005262 seconds 
========================================================================
Received Import Request.
  Time since last request: 0.049760 seconds.
  path: Assets/FantasyMonster/Skeleton/Character/Skeleton@Skin.FBX
  artifactKey: Guid(5a35c5f0a89b9654d897ccd7c8f81bd0) Importer(815301076,1909f56bfc062723c751e8b465ee728b)
Start importing Assets/FantasyMonster/Skeleton/Character/Skeleton@Skin.FBX using Guid(5a35c5f0a89b9654d897ccd7c8f81bd0) Importer(815301076,1909f56bfc062723c751e8b465ee728b)  -> (artifact id: '03a6f42cdfd862ec5e4721accb8f710b') in 0.188696 seconds 
========================================================================
Received Import Request.
  Time since last request: 17.660419 seconds.
  path: Assets/FantasyMonster/Skeleton/Character/Materials
  artifactKey: Guid(e8c66c02a9485944ebd1e22b64b102cd) Importer(815301076,1909f56bfc062723c751e8b465ee728b)
Start importing Assets/FantasyMonster/Skeleton/Character/Materials using Guid(e8c66c02a9485944ebd1e22b64b102cd) Importer(815301076,1909f56bfc062723c751e8b465ee728b)  -> (artifact id: 'c76c9a970a724499dbd6677d9bd88f6b') in 0.005656 seconds 
========================================================================
Received Import Request.
  Time since last request: 0.115582 seconds.
  path: Assets/FantasyMonster/Skeleton/Character/Materials/skeleton_D.mat
  artifactKey: Guid(ed14df0368fe53543907335c0e3902c6) Importer(815301076,1909f56bfc062723c751e8b465ee728b)
Start importing Assets/FantasyMonster/Skeleton/Character/Materials/skeleton_D.mat using Guid(ed14df0368fe53543907335c0e3902c6) Importer(815301076,1909f56bfc062723c751e8b465ee728b)  -> (artifact id: '1c5f4bd461f4bb6fa9eec5c34aeab034') in 0.020326 seconds 
========================================================================
Received Import Request.
  Time since last request: 1.459119 seconds.
  path: Assets/FantasyMonster/Skeleton/Texture/Skeleton_D.tif
  artifactKey: Guid(943f3c476130c4f4f8ae55ef3ccd38ba) Importer(815301076,1909f56bfc062723c751e8b465ee728b)
Start importing Assets/FantasyMonster/Skeleton/Texture/Skeleton_D.tif using Guid(943f3c476130c4f4f8ae55ef3ccd38ba) Importer(815301076,1909f56bfc062723c751e8b465ee728b)  -> (artifact id: 'b39f1a56923762d2944781097b94e1d5') in 0.030823 seconds 
========================================================================
Received Import Request.
  Time since last request: 1.973576 seconds.
  path: Assets/FantasyMonster/Skeleton/Ani/Skeleton@Attack.FBX
  artifactKey: Guid(dfc15c633f0d98141920018f79a042a6) Importer(815301076,1909f56bfc062723c751e8b465ee728b)
Start importing Assets/FantasyMonster/Skeleton/Ani/Skeleton@Attack.FBX using Guid(dfc15c633f0d98141920018f79a042a6) Importer(815301076,1909f56bfc062723c751e8b465ee728b)  -> (artifact id: 'e5a0feec3a2d847a4c9e823a773af3e9') in 0.036530 seconds 
========================================================================
Received Import Request.
  Time since last request: 0.002344 seconds.
  path: Assets/FantasyMonster/Skeleton/Ani/Skeleton@Skill.FBX
  artifactKey: Guid(1e768688017709245aed3bb86453c364) Importer(815301076,1909f56bfc062723c751e8b465ee728b)
Start importing Assets/FantasyMonster/Skeleton/Ani/Skeleton@Skill.FBX using Guid(1e768688017709245aed3bb86453c364) Importer(815301076,1909f56bfc062723c751e8b465ee728b)  -> (artifact id: '180ed7964a9d269367c9aca733890065') in 0.038145 seconds 
========================================================================
Received Import Request.
  Time since last request: 0.000017 seconds.
  path: Assets/FantasyMonster/Skeleton/Ani/Skeleton@Death.FBX
  artifactKey: Guid(a749f4485b342b7469956010abf2ab25) Importer(815301076,1909f56bfc062723c751e8b465ee728b)
Start importing Assets/FantasyMonster/Skeleton/Ani/Skeleton@Death.FBX using Guid(a749f4485b342b7469956010abf2ab25) Importer(815301076,1909f56bfc062723c751e8b465ee728b)  -> (artifact id: '77e30a353f9a0182127f0355b3afaf7f') in 0.035989 seconds 
========================================================================
Received Import Request.
  Time since last request: 0.000022 seconds.
  path: Assets/FantasyMonster/Skeleton/Ani/Skeleton@Run.FBX
  artifactKey: Guid(f57ee821486cd7b488adf1063a8dd207) Importer(815301076,1909f56bfc062723c751e8b465ee728b)
Start importing Assets/FantasyMonster/Skeleton/Ani/Skeleton@Run.FBX using Guid(f57ee821486cd7b488adf1063a8dd207) Importer(815301076,1909f56bfc062723c751e8b465ee728b)  -> (artifact id: '4e89960750b6ebe100c98f2221ee425f') in 0.037393 seconds 
========================================================================
Received Import Request.
  Time since last request: 0.000021 seconds.
  path: Assets/FantasyMonster/Skeleton/Ani/Skeleton@Idle.FBX
  artifactKey: Guid(a5ea117a2b123564a83a2dbd1c9ea4cf) Importer(815301076,1909f56bfc062723c751e8b465ee728b)
Start importing Assets/FantasyMonster/Skeleton/Ani/Skeleton@Idle.FBX using Guid(a5ea117a2b123564a83a2dbd1c9ea4cf) Importer(815301076,1909f56bfc062723c751e8b465ee728b)  -> (artifact id: '5a462dddb3e64c5ddf7b573785c84fa9') in 0.039042 seconds 
========================================================================
Received Import Request.
  Time since last request: 0.000028 seconds.
  path: Assets/FantasyMonster/Skeleton/Ani/Skeleton@Knockback.FBX
  artifactKey: Guid(6e0b4a05932877a4b89fb3fb32c3e72b) Importer(815301076,1909f56bfc062723c751e8b465ee728b)
Start importing Assets/FantasyMonster/Skeleton/Ani/Skeleton@Knockback.FBX using Guid(6e0b4a05932877a4b89fb3fb32c3e72b) Importer(815301076,1909f56bfc062723c751e8b465ee728b)  -> (artifact id: 'aac5d4f74571fc29951499e648e602ac') in 0.037409 seconds 
========================================================================
Received Import Request.
  Time since last request: 0.000023 seconds.
  path: Assets/FantasyMonster/Skeleton/Ani/Skeleton@Stand.FBX
  artifactKey: Guid(6f61bc53c41ba664fa527d3386ecfd1e) Importer(815301076,1909f56bfc062723c751e8b465ee728b)
Start importing Assets/FantasyMonster/Skeleton/Ani/Skeleton@Stand.FBX using Guid(6f61bc53c41ba664fa527d3386ecfd1e) Importer(815301076,1909f56bfc062723c751e8b465ee728b)  -> (artifact id: '24b77530f7d89acc5afe57e87d50830a') in 0.035096 seconds 
========================================================================
Received Import Request.
  Time since last request: 2.359660 seconds.
  path: Assets/FantasyMonster/Skeleton/Texture
  artifactKey: Guid(d835d6aad281d024ab7ca40e4a3d3f24) Importer(815301076,1909f56bfc062723c751e8b465ee728b)
Start importing Assets/FantasyMonster/Skeleton/Texture using Guid(d835d6aad281d024ab7ca40e4a3d3f24) Importer(815301076,1909f56bfc062723c751e8b465ee728b)  -> (artifact id: 'f4b5fa179eef38c9e5d18dfc0a32249e') in 0.005756 seconds 
Editor requested this worker to shutdown with reason: Scaling down because of idle timeout
AssetImportWorker is now disconnected from the server
Process exiting
Exiting without the bug reporter. Application will terminate with return code 0