Using pre-set license
Built from '2021.3/staging' branch; Version is '2021.3.5f1 (40eb3a945986) revision 4254522'; Using compiler version '192829333'; Build Type 'Release'
OS: 'Windows 10  (10.0.19044) 64bit Professional' Language: 'ko' Physical Memory: 32706 MB
BatchMode: 1, IsHumanControllingUs: 0, StartBugReporterOnCrash: 0, Is64bit: 1, IsPro: 1

COMMAND LINE ARGUMENTS:
C:\2021.3.5f1\Editor\Unity.exe
-adb2
-batchMode
-noUpm
-name
AssetImportWorker2
-projectPath
C:/Users/user/OneDrive/바탕 화면/깃허브 레포지터리/CG_HW2_CJU/CG_HW2_CJU
-logFile
Logs/AssetImportWorker2.log
-srvPort
63673
Successfully changed project path to: C:/Users/user/OneDrive/바탕 화면/깃허브 레포지터리/CG_HW2_CJU/CG_HW2_CJU
C:/Users/user/OneDrive/바탕 화면/깃허브 레포지터리/CG_HW2_CJU/CG_HW2_CJU
[UnityMemory] Configuration Parameters - Can be set up in boot.config
    "memorysetup-bucket-allocator-granularity=16"
    "memorysetup-bucket-allocator-bucket-count=8"
    "memorysetup-bucket-allocator-block-size=33554432"
    "memorysetup-bucket-allocator-block-count=8"
    "memorysetup-main-allocator-block-size=16777216"
    "memorysetup-thread-allocator-block-size=16777216"
    "memorysetup-gfx-main-allocator-block-size=16777216"
    "memorysetup-gfx-thread-allocator-block-size=16777216"
    "memorysetup-cache-allocator-block-size=4194304"
    "memorysetup-typetree-allocator-block-size=2097152"
    "memorysetup-profiler-bucket-allocator-granularity=16"
    "memorysetup-profiler-bucket-allocator-bucket-count=8"
    "memorysetup-profiler-bucket-allocator-block-size=33554432"
    "memorysetup-profiler-bucket-allocator-block-count=8"
    "memorysetup-profiler-allocator-block-size=16777216"
    "memorysetup-profiler-editor-allocator-block-size=1048576"
    "memorysetup-temp-allocator-size-main=16777216"
    "memorysetup-job-temp-allocator-block-size=2097152"
    "memorysetup-job-temp-allocator-block-size-background=1048576"
    "memorysetup-job-temp-allocator-reduction-small-platforms=262144"
    "memorysetup-temp-allocator-size-background-worker=32768"
    "memorysetup-temp-allocator-size-job-worker=262144"
    "memorysetup-temp-allocator-size-preload-manager=33554432"
    "memorysetup-temp-allocator-size-nav-mesh-worker=65536"
    "memorysetup-temp-allocator-size-audio-worker=65536"
    "memorysetup-temp-allocator-size-cloud-worker=32768"
    "memorysetup-temp-allocator-size-gi-baking-worker=262144"
    "memorysetup-temp-allocator-size-gfx=262144"
Refreshing native plugins compatible for Editor in 83.45 ms, found 3 plugins.
Preloading 0 native plugins for Editor in 0.00 ms.
Initialize engine version: 2021.3.5f1 (40eb3a945986)
[Subsystems] Discovering subsystems at path C:/2021.3.5f1/Editor/Data/Resources/UnitySubsystems
[Subsystems] Discovering subsystems at path C:/Users/user/OneDrive/바탕 화면/깃허브 레포지터리/CG_HW2_CJU/CG_HW2_CJU/Assets
GfxDevice: creating device client; threaded=0; jobified=0
Direct3D:
    Version:  Direct3D 11.0 [level 11.1]
    Renderer: NVIDIA GeForce RTX 3060 Ti (ID=0x2486)
    Vendor:   NVIDIA
    VRAM:     8038 MB
    Driver:   31.0.15.2647
Initialize mono
Mono path[0] = 'C:/2021.3.5f1/Editor/Data/Managed'
Mono path[1] = 'C:/2021.3.5f1/Editor/Data/MonoBleedingEdge/lib/mono/unityjit-win32'
Mono config path = 'C:/2021.3.5f1/Editor/Data/MonoBleedingEdge/etc'
Using monoOptions --debugger-agent=transport=dt_socket,embedding=1,server=y,suspend=n,address=127.0.0.1:56504
Begin MonoManager ReloadAssembly
Registering precompiled unity dll's ...
Register platform support module: C:/2021.3.5f1/Editor/Data/PlaybackEngines/WindowsStandaloneSupport/UnityEditor.WindowsStandalone.Extensions.dll
Registered in 0.007644 seconds.
Native extension for WindowsStandalone target not found
Refreshing native plugins compatible for Editor in 72.08 ms, found 3 plugins.
Preloading 0 native plugins for Editor in 0.00 ms.
Mono: successfully reloaded assembly
- Completed reload, in  0.611 seconds
Domain Reload Profiling:
	ReloadAssembly (612ms)
		BeginReloadAssembly (94ms)
			ExecutionOrderSort (0ms)
			DisableScriptedObjects (0ms)
			BackupInstance (0ms)
			ReleaseScriptingObjects (0ms)
			CreateAndSetChildDomain (1ms)
		EndReloadAssembly (405ms)
			LoadAssemblies (90ms)
			RebuildTransferFunctionScriptingTraits (0ms)
			SetupTypeCache (92ms)
			ReleaseScriptCaches (0ms)
			RebuildScriptCaches (26ms)
			SetupLoadedEditorAssemblies (236ms)
				LogAssemblyErrors (0ms)
				InitializePlatformSupportModulesInManaged (8ms)
				SetLoadedEditorAssemblies (0ms)
				RefreshPlugins (72ms)
				BeforeProcessingInitializeOnLoad (1ms)
				ProcessInitializeOnLoadAttributes (109ms)
				ProcessInitializeOnLoadMethodAttributes (45ms)
				AfterProcessingInitializeOnLoad (0ms)
				EditorAssembliesLoaded (0ms)
			ExecutionOrderSort2 (0ms)
			AwakeInstancesAfterBackupRestoration (0ms)
Platform modules already initialized, skipping
Registering precompiled user dll's ...
Registered in 0.010234 seconds.
Begin MonoManager ReloadAssembly
Symbol file LoadedFromMemory doesn't match image C:\Users\user\OneDrive\바탕 화면\깃허브 레포지터리\CG_HW2_CJU\CG_HW2_CJU\Library\PackageCache\com.unity.visualscripting@1.7.8\Editor\VisualScripting.Core\Dependencies\YamlDotNet\Unity.VisualScripting.YamlDotNet.dll
Symbol file LoadedFromMemory doesn't match image C:\Users\user\OneDrive\바탕 화면\깃허브 레포지터리\CG_HW2_CJU\CG_HW2_CJU\Library\PackageCache\com.unity.visualscripting@1.7.8\Editor\VisualScripting.Core\Dependencies\DotNetZip\Unity.VisualScripting.IonicZip.dll
Native extension for WindowsStandalone target not found
Refreshing native plugins compatible for Editor in 0.51 ms, found 3 plugins.
Preloading 0 native plugins for Editor in 0.00 ms.
Mono: successfully reloaded assembly
- Completed reload, in  1.008 seconds
Domain Reload Profiling:
	ReloadAssembly (1009ms)
		BeginReloadAssembly (122ms)
			ExecutionOrderSort (0ms)
			DisableScriptedObjects (5ms)
			BackupInstance (0ms)
			ReleaseScriptingObjects (0ms)
			CreateAndSetChildDomain (16ms)
		EndReloadAssembly (771ms)
			LoadAssemblies (109ms)
			RebuildTransferFunctionScriptingTraits (0ms)
			SetupTypeCache (229ms)
			ReleaseScriptCaches (1ms)
			RebuildScriptCaches (46ms)
			SetupLoadedEditorAssemblies (360ms)
				LogAssemblyErrors (0ms)
				InitializePlatformSupportModulesInManaged (6ms)
				SetLoadedEditorAssemblies (1ms)
				RefreshPlugins (1ms)
				BeforeProcessingInitializeOnLoad (96ms)
				ProcessInitializeOnLoadAttributes (217ms)
				ProcessInitializeOnLoadMethodAttributes (26ms)
				AfterProcessingInitializeOnLoad (13ms)
				EditorAssembliesLoaded (0ms)
			ExecutionOrderSort2 (0ms)
			AwakeInstancesAfterBackupRestoration (11ms)
Platform modules already initialized, skipping
========================================================================
Worker process is ready to serve import requests
Launched and connected shader compiler UnityShaderCompiler.exe after 0.08 seconds
Refreshing native plugins compatible for Editor in 0.51 ms, found 3 plugins.
Preloading 0 native plugins for Editor in 0.00 ms.
Unloading 3378 Unused Serialized files (Serialized files now loaded: 0)
Unloading 27 unused Assets / (113.2 KB). Loaded Objects now: 3862.
Memory consumption went from 137.3 MB to 137.2 MB.
Total: 2.489800 ms (FindLiveObjects: 0.252500 ms CreateObjectMapping: 0.195100 ms MarkObjects: 1.931600 ms  DeleteObjects: 0.110000 ms)

AssetImportParameters requested are different than current active one (requested -> active):
  custom:video-decoder-ogg-theora: a1e56fd34408186e4bbccfd4996cb3dc -> 
  custom:container-muxer-webm: aa71ff27fc2769a1b78a27578f13a17b -> 
  custom:container-demuxer-webm: 4f35f7cbe854078d1ac9338744f61a02 -> 
  custom:video-encoder-webm-vp8: eb34c28f22e8b96e1ab97ce403110664 -> 
  custom:audio-encoder-webm-vorbis: bf7c407c2cedff20999df2af8eb42d56 -> 
  custom:framework-win-MediaFoundation: 216162199b28c13a410421893ffa2e32 -> 
  custom:container-demuxer-ogg: 62fdf1f143b41e24485cea50d1cbac27 -> 
  custom:video-decoder-webm-vp8: 9c59270c3fd7afecdb556c50c9e8de78 -> 
  custom:audio-decoder-ogg-vorbis: bf7c407c2cedff20999df2af8eb42d56 -> 
========================================================================
Received Import Request.
  Time since last request: 198607.677100 seconds.
  path: Assets/Assets/Blink/Art
  artifactKey: Guid(0422de34c52725f4689f347e9988b62a) Importer(815301076,1909f56bfc062723c751e8b465ee728b)
Start importing Assets/Assets/Blink/Art using Guid(0422de34c52725f4689f347e9988b62a) Importer(815301076,1909f56bfc062723c751e8b465ee728b)  -> (artifact id: 'b8dc8e5951fc38b2c93ea648451d3571') in 0.011028 seconds 
========================================================================
Received Import Request.
  Time since last request: 4.534021 seconds.
  path: Assets/Assets/Fantasy Forest Environment Free Sample/Scenes/New Terrain.asset
  artifactKey: Guid(02bc0e2176f6a4e4ea3faf0c622664cf) Importer(815301076,1909f56bfc062723c751e8b465ee728b)
Start importing Assets/Assets/Fantasy Forest Environment Free Sample/Scenes/New Terrain.asset using Guid(02bc0e2176f6a4e4ea3faf0c622664cf) Importer(815301076,1909f56bfc062723c751e8b465ee728b)  -> (artifact id: '8262da02f11146db57276a503192c512') in 0.087469 seconds 
========================================================================
Received Import Request.
  Time since last request: 8.713196 seconds.
  path: Assets/Packages/Casual Kingdom - Free Package/Soundtrack
  artifactKey: Guid(c64bc19f544401f42955cedfd7b09c87) Importer(815301076,1909f56bfc062723c751e8b465ee728b)
Start importing Assets/Packages/Casual Kingdom - Free Package/Soundtrack using Guid(c64bc19f544401f42955cedfd7b09c87) Importer(815301076,1909f56bfc062723c751e8b465ee728b)  -> (artifact id: '280fd5564a9f8da1684e7041a4a06dd5') in 0.005969 seconds 
========================================================================
Received Prepare
Registering precompiled user dll's ...
Registered in 0.011550 seconds.
Begin MonoManager ReloadAssembly
Symbol file LoadedFromMemory doesn't match image C:\Users\user\OneDrive\바탕 화면\깃허브 레포지터리\CG_HW2_CJU\CG_HW2_CJU\Library\PackageCache\com.unity.visualscripting@1.7.8\Editor\VisualScripting.Core\Dependencies\YamlDotNet\Unity.VisualScripting.YamlDotNet.dll
Symbol file LoadedFromMemory doesn't match image C:\Users\user\OneDrive\바탕 화면\깃허브 레포지터리\CG_HW2_CJU\CG_HW2_CJU\Library\PackageCache\com.unity.visualscripting@1.7.8\Editor\VisualScripting.Core\Dependencies\DotNetZip\Unity.VisualScripting.IonicZip.dll
Native extension for WindowsStandalone target not found
Refreshing native plugins compatible for Editor in 0.54 ms, found 3 plugins.
Preloading 0 native plugins for Editor in 0.00 ms.
Mono: successfully reloaded assembly
- Completed reload, in  1.241 seconds
Domain Reload Profiling:
	ReloadAssembly (1242ms)
		BeginReloadAssembly (150ms)
			ExecutionOrderSort (0ms)
			DisableScriptedObjects (5ms)
			BackupInstance (0ms)
			ReleaseScriptingObjects (0ms)
			CreateAndSetChildDomain (32ms)
		EndReloadAssembly (992ms)
			LoadAssemblies (110ms)
			RebuildTransferFunctionScriptingTraits (0ms)
			SetupTypeCache (247ms)
			ReleaseScriptCaches (1ms)
			RebuildScriptCaches (38ms)
			SetupLoadedEditorAssemblies (565ms)
				LogAssemblyErrors (0ms)
				InitializePlatformSupportModulesInManaged (13ms)
				SetLoadedEditorAssemblies (1ms)
				RefreshPlugins (1ms)
				BeforeProcessingInitializeOnLoad (83ms)
				ProcessInitializeOnLoadAttributes (426ms)
				ProcessInitializeOnLoadMethodAttributes (27ms)
				AfterProcessingInitializeOnLoad (15ms)
				EditorAssembliesLoaded (0ms)
			ExecutionOrderSort2 (0ms)
			AwakeInstancesAfterBackupRestoration (11ms)
Platform modules already initialized, skipping
Refreshing native plugins compatible for Editor in 2.91 ms, found 3 plugins.
Preloading 0 native plugins for Editor in 0.00 ms.
Unloading 3372 Unused Serialized files (Serialized files now loaded: 0)
Unloading 20 unused Assets / (82.8 KB). Loaded Objects now: 3867.
Memory consumption went from 137.2 MB to 137.1 MB.
Total: 2.427000 ms (FindLiveObjects: 0.239900 ms CreateObjectMapping: 0.156100 ms MarkObjects: 1.926400 ms  DeleteObjects: 0.103700 ms)

AssetImportParameters requested are different than current active one (requested -> active):
  custom:video-decoder-ogg-theora: a1e56fd34408186e4bbccfd4996cb3dc -> 
  custom:container-muxer-webm: aa71ff27fc2769a1b78a27578f13a17b -> 
  custom:container-demuxer-webm: 4f35f7cbe854078d1ac9338744f61a02 -> 
  custom:video-encoder-webm-vp8: eb34c28f22e8b96e1ab97ce403110664 -> 
  custom:audio-encoder-webm-vorbis: bf7c407c2cedff20999df2af8eb42d56 -> 
  custom:framework-win-MediaFoundation: 216162199b28c13a410421893ffa2e32 -> 
  custom:container-demuxer-ogg: 62fdf1f143b41e24485cea50d1cbac27 -> 
  custom:video-decoder-webm-vp8: 9c59270c3fd7afecdb556c50c9e8de78 -> 
  custom:audio-decoder-ogg-vorbis: bf7c407c2cedff20999df2af8eb42d56 -> 
========================================================================
Received Prepare
Registering precompiled user dll's ...
Registered in 0.010445 seconds.
Begin MonoManager ReloadAssembly
Symbol file LoadedFromMemory doesn't match image C:\Users\user\OneDrive\바탕 화면\깃허브 레포지터리\CG_HW2_CJU\CG_HW2_CJU\Library\PackageCache\com.unity.visualscripting@1.7.8\Editor\VisualScripting.Core\Dependencies\YamlDotNet\Unity.VisualScripting.YamlDotNet.dll
Symbol file LoadedFromMemory doesn't match image C:\Users\user\OneDrive\바탕 화면\깃허브 레포지터리\CG_HW2_CJU\CG_HW2_CJU\Library\PackageCache\com.unity.visualscripting@1.7.8\Editor\VisualScripting.Core\Dependencies\DotNetZip\Unity.VisualScripting.IonicZip.dll
Native extension for WindowsStandalone target not found
Refreshing native plugins compatible for Editor in 0.56 ms, found 3 plugins.
Preloading 0 native plugins for Editor in 0.00 ms.
Mono: successfully reloaded assembly
- Completed reload, in  1.284 seconds
Domain Reload Profiling:
	ReloadAssembly (1285ms)
		BeginReloadAssembly (151ms)
			ExecutionOrderSort (0ms)
			DisableScriptedObjects (6ms)
			BackupInstance (0ms)
			ReleaseScriptingObjects (0ms)
			CreateAndSetChildDomain (31ms)
		EndReloadAssembly (1035ms)
			LoadAssemblies (110ms)
			RebuildTransferFunctionScriptingTraits (0ms)
			SetupTypeCache (250ms)
			ReleaseScriptCaches (1ms)
			RebuildScriptCaches (40ms)
			SetupLoadedEditorAssemblies (599ms)
				LogAssemblyErrors (0ms)
				InitializePlatformSupportModulesInManaged (14ms)
				SetLoadedEditorAssemblies (0ms)
				RefreshPlugins (1ms)
				BeforeProcessingInitializeOnLoad (87ms)
				ProcessInitializeOnLoadAttributes (453ms)
				ProcessInitializeOnLoadMethodAttributes (29ms)
				AfterProcessingInitializeOnLoad (15ms)
				EditorAssembliesLoaded (0ms)
			ExecutionOrderSort2 (0ms)
			AwakeInstancesAfterBackupRestoration (12ms)
Platform modules already initialized, skipping
Refreshing native plugins compatible for Editor in 2.68 ms, found 3 plugins.
Preloading 0 native plugins for Editor in 0.00 ms.
Unloading 3372 Unused Serialized files (Serialized files now loaded: 0)
Unloading 20 unused Assets / (82.7 KB). Loaded Objects now: 3870.
Memory consumption went from 137.2 MB to 137.1 MB.
Total: 3.745400 ms (FindLiveObjects: 0.370400 ms CreateObjectMapping: 0.257700 ms MarkObjects: 2.953400 ms  DeleteObjects: 0.162900 ms)

AssetImportParameters requested are different than current active one (requested -> active):
  custom:video-decoder-ogg-theora: a1e56fd34408186e4bbccfd4996cb3dc -> 
  custom:container-muxer-webm: aa71ff27fc2769a1b78a27578f13a17b -> 
  custom:container-demuxer-webm: 4f35f7cbe854078d1ac9338744f61a02 -> 
  custom:video-encoder-webm-vp8: eb34c28f22e8b96e1ab97ce403110664 -> 
  custom:audio-encoder-webm-vorbis: bf7c407c2cedff20999df2af8eb42d56 -> 
  custom:framework-win-MediaFoundation: 216162199b28c13a410421893ffa2e32 -> 
  custom:container-demuxer-ogg: 62fdf1f143b41e24485cea50d1cbac27 -> 
  custom:video-decoder-webm-vp8: 9c59270c3fd7afecdb556c50c9e8de78 -> 
  custom:audio-decoder-ogg-vorbis: bf7c407c2cedff20999df2af8eb42d56 -> 
========================================================================
Received Import Request.
  Time since last request: 234.332533 seconds.
  path: Assets/Prefabs/Player.prefab
  artifactKey: Guid(f6ac05d55bf47b64ebbcca1138380b36) Importer(815301076,1909f56bfc062723c751e8b465ee728b)
Start importing Assets/Prefabs/Player.prefab using Guid(f6ac05d55bf47b64ebbcca1138380b36) Importer(815301076,1909f56bfc062723c751e8b465ee728b)  -> (artifact id: '54b68c97062c0abd1eebda5def951a09') in 0.253333 seconds 
========================================================================
Received Prepare
Registering precompiled user dll's ...
Registered in 0.010404 seconds.
Begin MonoManager ReloadAssembly
Symbol file LoadedFromMemory doesn't match image C:\Users\user\OneDrive\바탕 화면\깃허브 레포지터리\CG_HW2_CJU\CG_HW2_CJU\Library\PackageCache\com.unity.visualscripting@1.7.8\Editor\VisualScripting.Core\Dependencies\YamlDotNet\Unity.VisualScripting.YamlDotNet.dll
Symbol file LoadedFromMemory doesn't match image C:\Users\user\OneDrive\바탕 화면\깃허브 레포지터리\CG_HW2_CJU\CG_HW2_CJU\Library\PackageCache\com.unity.visualscripting@1.7.8\Editor\VisualScripting.Core\Dependencies\DotNetZip\Unity.VisualScripting.IonicZip.dll
Native extension for WindowsStandalone target not found
Refreshing native plugins compatible for Editor in 0.60 ms, found 3 plugins.
Preloading 0 native plugins for Editor in 0.00 ms.
Mono: successfully reloaded assembly
- Completed reload, in  1.296 seconds
Domain Reload Profiling:
	ReloadAssembly (1297ms)
		BeginReloadAssembly (148ms)
			ExecutionOrderSort (0ms)
			DisableScriptedObjects (5ms)
			BackupInstance (0ms)
			ReleaseScriptingObjects (0ms)
			CreateAndSetChildDomain (33ms)
		EndReloadAssembly (1044ms)
			LoadAssemblies (115ms)
			RebuildTransferFunctionScriptingTraits (0ms)
			SetupTypeCache (253ms)
			ReleaseScriptCaches (1ms)
			RebuildScriptCaches (42ms)
			SetupLoadedEditorAssemblies (596ms)
				LogAssemblyErrors (0ms)
				InitializePlatformSupportModulesInManaged (14ms)
				SetLoadedEditorAssemblies (0ms)
				RefreshPlugins (1ms)
				BeforeProcessingInitializeOnLoad (143ms)
				ProcessInitializeOnLoadAttributes (393ms)
				ProcessInitializeOnLoadMethodAttributes (29ms)
				AfterProcessingInitializeOnLoad (17ms)
				EditorAssembliesLoaded (0ms)
			ExecutionOrderSort2 (0ms)
			AwakeInstancesAfterBackupRestoration (14ms)
Platform modules already initialized, skipping
Refreshing native plugins compatible for Editor in 2.54 ms, found 3 plugins.
Preloading 0 native plugins for Editor in 0.00 ms.
Unloading 3372 Unused Serialized files (Serialized files now loaded: 0)
Unloading 21 unused Assets / (83.4 KB). Loaded Objects now: 3879.
Memory consumption went from 154.2 MB to 154.1 MB.
Total: 3.631900 ms (FindLiveObjects: 0.256700 ms CreateObjectMapping: 0.289100 ms MarkObjects: 2.973600 ms  DeleteObjects: 0.111100 ms)

AssetImportParameters requested are different than current active one (requested -> active):
  custom:video-decoder-ogg-theora: a1e56fd34408186e4bbccfd4996cb3dc -> 
  custom:container-muxer-webm: aa71ff27fc2769a1b78a27578f13a17b -> 
  custom:container-demuxer-webm: 4f35f7cbe854078d1ac9338744f61a02 -> 
  custom:video-encoder-webm-vp8: eb34c28f22e8b96e1ab97ce403110664 -> 
  custom:audio-encoder-webm-vorbis: bf7c407c2cedff20999df2af8eb42d56 -> 
  custom:framework-win-MediaFoundation: 216162199b28c13a410421893ffa2e32 -> 
  custom:container-demuxer-ogg: 62fdf1f143b41e24485cea50d1cbac27 -> 
  custom:video-decoder-webm-vp8: 9c59270c3fd7afecdb556c50c9e8de78 -> 
  custom:audio-decoder-ogg-vorbis: bf7c407c2cedff20999df2af8eb42d56 -> 
========================================================================
Received Import Request.
  Time since last request: 64.994289 seconds.
  path: Assets/Packages/Casual Kingdom - Free Package/Soundtrack/MP3
  artifactKey: Guid(015b38b75df55604d9dd63588a92cb0d) Importer(815301076,1909f56bfc062723c751e8b465ee728b)
Start importing Assets/Packages/Casual Kingdom - Free Package/Soundtrack/MP3 using Guid(015b38b75df55604d9dd63588a92cb0d) Importer(815301076,1909f56bfc062723c751e8b465ee728b)  -> (artifact id: '248f81f43b5a6efc68930d754dc89a0d') in 0.010582 seconds 
========================================================================
Received Import Request.
  Time since last request: 0.118168 seconds.
  path: Assets/Packages/Casual Kingdom - Free Package/Soundtrack/MP3/track_shortadventure_loop.mp3
  artifactKey: Guid(e6ee71813e1303e4cb8254dd48304712) Importer(815301076,1909f56bfc062723c751e8b465ee728b)
Start importing Assets/Packages/Casual Kingdom - Free Package/Soundtrack/MP3/track_shortadventure_loop.mp3 using Guid(e6ee71813e1303e4cb8254dd48304712) Importer(815301076,1909f56bfc062723c751e8b465ee728b)  -> (artifact id: '0add21db0db43d53a357d382525d3983') in 0.214771 seconds 
========================================================================
Received Import Request.
  Time since last request: 2.391855 seconds.
  path: Assets/Packages/Casual Kingdom - Free Package/Soundtrack/WAV
  artifactKey: Guid(f0c7c139601660a4fb112e94ac17ed75) Importer(815301076,1909f56bfc062723c751e8b465ee728b)
Start importing Assets/Packages/Casual Kingdom - Free Package/Soundtrack/WAV using Guid(f0c7c139601660a4fb112e94ac17ed75) Importer(815301076,1909f56bfc062723c751e8b465ee728b)  -> (artifact id: 'ad99059842dd64b028879d4ea74a7e42') in 0.005401 seconds 
========================================================================
Received Import Request.
  Time since last request: 0.039136 seconds.
  path: Assets/Packages/Casual Kingdom - Free Package/Soundtrack/WAV/track_shortadventure_loop.wav
  artifactKey: Guid(b5b3a955ec1ad4245ac215d636d5b806) Importer(815301076,1909f56bfc062723c751e8b465ee728b)
Start importing Assets/Packages/Casual Kingdom - Free Package/Soundtrack/WAV/track_shortadventure_loop.wav using Guid(b5b3a955ec1ad4245ac215d636d5b806) Importer(815301076,1909f56bfc062723c751e8b465ee728b)  -> (artifact id: 'f5ae56e33aa8a288243ab65f796b4053') in 0.017971 seconds 
========================================================================
Received Import Request.
  Time since last request: 47.056399 seconds.
  path: Assets/Assets/Toby Fredson/Dwarven Expedition Pack - Stylized Assets/FreePack vs Full Pack
  artifactKey: Guid(f78680666c76c5645a441231c58b9df1) Importer(815301076,1909f56bfc062723c751e8b465ee728b)
Start importing Assets/Assets/Toby Fredson/Dwarven Expedition Pack - Stylized Assets/FreePack vs Full Pack using Guid(f78680666c76c5645a441231c58b9df1) Importer(815301076,1909f56bfc062723c751e8b465ee728b)  -> (artifact id: '06c6ad2a9812539c2a0dc57a35418846') in 0.007060 seconds 
========================================================================
Received Import Request.
  Time since last request: 5.563607 seconds.
  path: Assets/Assets/Toby Fredson/Dwarven Expedition Pack - Stylized Assets/Prefabs/WallPropsMidle_ST.prefab
  artifactKey: Guid(2998b5d34fc488545954a5e01b0462f1) Importer(815301076,1909f56bfc062723c751e8b465ee728b)
Start importing Assets/Assets/Toby Fredson/Dwarven Expedition Pack - Stylized Assets/Prefabs/WallPropsMidle_ST.prefab using Guid(2998b5d34fc488545954a5e01b0462f1) Importer(815301076,1909f56bfc062723c751e8b465ee728b)  -> (artifact id: '5a693cb1341d0d8d0649c79cda499882') in 0.090068 seconds 
========================================================================
Received Import Request.
  Time since last request: 0.000023 seconds.
  path: Assets/Assets/Toby Fredson/Dwarven Expedition Pack - Stylized Assets/Prefabs/WallPropsWindowB1_ST.prefab
  artifactKey: Guid(c72196e78ca2bd144a6ece62fad0b798) Importer(815301076,1909f56bfc062723c751e8b465ee728b)
Start importing Assets/Assets/Toby Fredson/Dwarven Expedition Pack - Stylized Assets/Prefabs/WallPropsWindowB1_ST.prefab using Guid(c72196e78ca2bd144a6ece62fad0b798) Importer(815301076,1909f56bfc062723c751e8b465ee728b)  -> (artifact id: 'eeee012da34ad167e06ba5ca4f45c230') in 0.081205 seconds 
========================================================================
Received Import Request.
  Time since last request: 52.957197 seconds.
  path: Assets/Assets/Modular Castle/Assets/prefabs2/prefabs/floor1.prefab
  artifactKey: Guid(64cb684f38ab4e547a77225cd823cf62) Importer(815301076,1909f56bfc062723c751e8b465ee728b)
Start importing Assets/Assets/Modular Castle/Assets/prefabs2/prefabs/floor1.prefab using Guid(64cb684f38ab4e547a77225cd823cf62) Importer(815301076,1909f56bfc062723c751e8b465ee728b)  -> (artifact id: 'd89d9630f52e2dcfa3fd280e2fc19e6c') in 0.018125 seconds 
========================================================================
Received Import Request.
  Time since last request: 5.847532 seconds.
  path: Assets/Assets/Modular Castle/Assets/prefabs2/prefabs/floor2.prefab
  artifactKey: Guid(cedd1289634600b4f9df04d76c4c2b4b) Importer(815301076,1909f56bfc062723c751e8b465ee728b)
Start importing Assets/Assets/Modular Castle/Assets/prefabs2/prefabs/floor2.prefab using Guid(cedd1289634600b4f9df04d76c4c2b4b) Importer(815301076,1909f56bfc062723c751e8b465ee728b)  -> (artifact id: '36141e5a9d15826810c0ab87386cfc77') in 0.017587 seconds 
========================================================================
Received Import Request.
  Time since last request: 4.817320 seconds.
  path: Assets/Assets/Modular Castle/Assets/prefabs2/prefabs/doorway2.prefab
  artifactKey: Guid(eda319de497b2a4449c2ab39265a3ac5) Importer(815301076,1909f56bfc062723c751e8b465ee728b)
Start importing Assets/Assets/Modular Castle/Assets/prefabs2/prefabs/doorway2.prefab using Guid(eda319de497b2a4449c2ab39265a3ac5) Importer(815301076,1909f56bfc062723c751e8b465ee728b)  -> (artifact id: '6a78cb678a24b80ed58696fdc605302b') in 0.018656 seconds 
========================================================================
Received Import Request.
  Time since last request: 10.698203 seconds.
  path: Assets/Assets/Modular Castle/Assets/prefabs2/prefabs/doorway2.prefab
  artifactKey: Guid(eda319de497b2a4449c2ab39265a3ac5) Importer(815301076,1909f56bfc062723c751e8b465ee728b)
Start importing Assets/Assets/Modular Castle/Assets/prefabs2/prefabs/doorway2.prefab using Guid(eda319de497b2a4449c2ab39265a3ac5) Importer(815301076,1909f56bfc062723c751e8b465ee728b)  -> (artifact id: '08ee8afe25bf610576121f2b8ad81201') in 0.029500 seconds 
========================================================================
Received Import Request.
  Time since last request: 3.398446 seconds.
  path: Assets/Assets/Modular Castle/Assets/prefabs2/prefabs/doorway2.prefab
  artifactKey: Guid(eda319de497b2a4449c2ab39265a3ac5) Importer(815301076,1909f56bfc062723c751e8b465ee728b)
Start importing Assets/Assets/Modular Castle/Assets/prefabs2/prefabs/doorway2.prefab using Guid(eda319de497b2a4449c2ab39265a3ac5) Importer(815301076,1909f56bfc062723c751e8b465ee728b)  -> (artifact id: '65e0dee0ad4965bd4c11fdd0eb7e81e9') in 0.022109 seconds 
========================================================================
Received Import Request.
  Time since last request: 6.931436 seconds.
  path: Assets/Assets/Modular Castle/Assets/prefabs2/prefabs/pillar1.prefab
  artifactKey: Guid(7250e3ee64608cf4ebd2df16b04e2e4b) Importer(815301076,1909f56bfc062723c751e8b465ee728b)
Start importing Assets/Assets/Modular Castle/Assets/prefabs2/prefabs/pillar1.prefab using Guid(7250e3ee64608cf4ebd2df16b04e2e4b) Importer(815301076,1909f56bfc062723c751e8b465ee728b)  -> (artifact id: 'a1682ebc2972067de0688eaf901cf368') in 0.018170 seconds 
========================================================================
Received Import Request.
  Time since last request: 5.333233 seconds.
  path: Assets/Assets/Modular Castle/Assets/prefabs2/prefabs/pillar2.prefab
  artifactKey: Guid(fb3f840c826314847ba67aaf7e4aef4e) Importer(815301076,1909f56bfc062723c751e8b465ee728b)
Start importing Assets/Assets/Modular Castle/Assets/prefabs2/prefabs/pillar2.prefab using Guid(fb3f840c826314847ba67aaf7e4aef4e) Importer(815301076,1909f56bfc062723c751e8b465ee728b)  -> (artifact id: '9fddc5493a10ca38a0dd02bcddc3462b') in 0.018280 seconds 
========================================================================
Received Import Request.
  Time since last request: 8.774341 seconds.
  path: Assets/Assets/Modular Castle/Assets/prefabs2/prefabs/pillar2.prefab
  artifactKey: Guid(fb3f840c826314847ba67aaf7e4aef4e) Importer(815301076,1909f56bfc062723c751e8b465ee728b)
Start importing Assets/Assets/Modular Castle/Assets/prefabs2/prefabs/pillar2.prefab using Guid(fb3f840c826314847ba67aaf7e4aef4e) Importer(815301076,1909f56bfc062723c751e8b465ee728b)  -> (artifact id: '2f7a36eec0db67a4891dfffef5d9ae0e') in 0.015831 seconds 
========================================================================
Received Import Request.
  Time since last request: 4.828424 seconds.
  path: Assets/Assets/Modular Castle/Assets/prefabs2/prefabs/pillar2.prefab
  artifactKey: Guid(fb3f840c826314847ba67aaf7e4aef4e) Importer(815301076,1909f56bfc062723c751e8b465ee728b)
Start importing Assets/Assets/Modular Castle/Assets/prefabs2/prefabs/pillar2.prefab using Guid(fb3f840c826314847ba67aaf7e4aef4e) Importer(815301076,1909f56bfc062723c751e8b465ee728b)  -> (artifact id: '508bb0d535c3b421a404b5e786e6417b') in 0.015630 seconds 
========================================================================
Received Import Request.
  Time since last request: 4.824676 seconds.
  path: Assets/Assets/Modular Castle/Assets/prefabs2/prefabs/pillar2.prefab
  artifactKey: Guid(fb3f840c826314847ba67aaf7e4aef4e) Importer(815301076,1909f56bfc062723c751e8b465ee728b)
Start importing Assets/Assets/Modular Castle/Assets/prefabs2/prefabs/pillar2.prefab using Guid(fb3f840c826314847ba67aaf7e4aef4e) Importer(815301076,1909f56bfc062723c751e8b465ee728b)  -> (artifact id: 'de28d14b2cef29b014872ffeca71eabd') in 0.016105 seconds 
========================================================================
Received Import Request.
  Time since last request: 4.009684 seconds.
  path: Assets/Assets/Modular Castle/Assets/prefabs2/prefabs/pillar2.prefab
  artifactKey: Guid(fb3f840c826314847ba67aaf7e4aef4e) Importer(815301076,1909f56bfc062723c751e8b465ee728b)
Start importing Assets/Assets/Modular Castle/Assets/prefabs2/prefabs/pillar2.prefab using Guid(fb3f840c826314847ba67aaf7e4aef4e) Importer(815301076,1909f56bfc062723c751e8b465ee728b)  -> (artifact id: '858f4a6e417fc5ee4f864b928fae0ce5') in 0.022661 seconds 
========================================================================
Received Prepare
Registering precompiled user dll's ...
Registered in 0.011184 seconds.
Begin MonoManager ReloadAssembly
Symbol file LoadedFromMemory doesn't match image C:\Users\user\OneDrive\바탕 화면\깃허브 레포지터리\CG_HW2_CJU\CG_HW2_CJU\Library\PackageCache\com.unity.visualscripting@1.7.8\Editor\VisualScripting.Core\Dependencies\YamlDotNet\Unity.VisualScripting.YamlDotNet.dll
Symbol file LoadedFromMemory doesn't match image C:\Users\user\OneDrive\바탕 화면\깃허브 레포지터리\CG_HW2_CJU\CG_HW2_CJU\Library\PackageCache\com.unity.visualscripting@1.7.8\Editor\VisualScripting.Core\Dependencies\DotNetZip\Unity.VisualScripting.IonicZip.dll
Native extension for WindowsStandalone target not found
Refreshing native plugins compatible for Editor in 0.61 ms, found 3 plugins.
Preloading 0 native plugins for Editor in 0.00 ms.
Mono: successfully reloaded assembly
- Completed reload, in  1.055 seconds
Domain Reload Profiling:
	ReloadAssembly (1055ms)
		BeginReloadAssembly (151ms)
			ExecutionOrderSort (0ms)
			DisableScriptedObjects (4ms)
			BackupInstance (0ms)
			ReleaseScriptingObjects (0ms)
			CreateAndSetChildDomain (32ms)
		EndReloadAssembly (803ms)
			LoadAssemblies (124ms)
			RebuildTransferFunctionScriptingTraits (0ms)
			SetupTypeCache (256ms)
			ReleaseScriptCaches (1ms)
			RebuildScriptCaches (40ms)
			SetupLoadedEditorAssemblies (348ms)
				LogAssemblyErrors (0ms)
				InitializePlatformSupportModulesInManaged (14ms)
				SetLoadedEditorAssemblies (0ms)
				RefreshPlugins (1ms)
				BeforeProcessingInitializeOnLoad (88ms)
				ProcessInitializeOnLoadAttributes (201ms)
				ProcessInitializeOnLoadMethodAttributes (28ms)
				AfterProcessingInitializeOnLoad (16ms)
				EditorAssembliesLoaded (0ms)
			ExecutionOrderSort2 (0ms)
			AwakeInstancesAfterBackupRestoration (12ms)
Platform modules already initialized, skipping
Refreshing native plugins compatible for Editor in 2.53 ms, found 3 plugins.
Preloading 0 native plugins for Editor in 0.00 ms.
Unloading 3372 Unused Serialized files (Serialized files now loaded: 0)
Unloading 20 unused Assets / (82.9 KB). Loaded Objects now: 3884.
Memory consumption went from 154.4 MB to 154.3 MB.
Total: 2.508500 ms (FindLiveObjects: 0.268600 ms CreateObjectMapping: 0.171500 ms MarkObjects: 1.968500 ms  DeleteObjects: 0.099000 ms)

AssetImportParameters requested are different than current active one (requested -> active):
  custom:video-decoder-ogg-theora: a1e56fd34408186e4bbccfd4996cb3dc -> 
  custom:container-muxer-webm: aa71ff27fc2769a1b78a27578f13a17b -> 
  custom:container-demuxer-webm: 4f35f7cbe854078d1ac9338744f61a02 -> 
  custom:video-encoder-webm-vp8: eb34c28f22e8b96e1ab97ce403110664 -> 
  custom:audio-encoder-webm-vorbis: bf7c407c2cedff20999df2af8eb42d56 -> 
  custom:framework-win-MediaFoundation: 216162199b28c13a410421893ffa2e32 -> 
  custom:container-demuxer-ogg: 62fdf1f143b41e24485cea50d1cbac27 -> 
  custom:video-decoder-webm-vp8: 9c59270c3fd7afecdb556c50c9e8de78 -> 
  custom:audio-decoder-ogg-vorbis: bf7c407c2cedff20999df2af8eb42d56 -> 
========================================================================
Received Import Request.
  Time since last request: 17.442309 seconds.
  path: Assets/Assets/Modular Castle/Assets/prefabs2/prefabs/wall1.prefab
  artifactKey: Guid(e38067ccaff52424db35c2958d80cb11) Importer(815301076,1909f56bfc062723c751e8b465ee728b)
Start importing Assets/Assets/Modular Castle/Assets/prefabs2/prefabs/wall1.prefab using Guid(e38067ccaff52424db35c2958d80cb11) Importer(815301076,1909f56bfc062723c751e8b465ee728b)  -> (artifact id: '82093c27cb3088dfe4cd4ea7ad129fd6') in 0.075856 seconds 
========================================================================
Received Import Request.
  Time since last request: 3.139397 seconds.
  path: Assets/Assets/Modular Castle/Assets/prefabs2/prefabs/wall2.prefab
  artifactKey: Guid(15a08d7d20037d54a9c4a4a557df23e4) Importer(815301076,1909f56bfc062723c751e8b465ee728b)
Start importing Assets/Assets/Modular Castle/Assets/prefabs2/prefabs/wall2.prefab using Guid(15a08d7d20037d54a9c4a4a557df23e4) Importer(815301076,1909f56bfc062723c751e8b465ee728b)  -> (artifact id: 'c8bae7ff27886be8de9e005b5a68e043') in 0.021317 seconds 
========================================================================
Received Import Request.
  Time since last request: 1.990649 seconds.
  path: Assets/Assets/Modular Castle/Assets/prefabs2/prefabs/wall3.prefab
  artifactKey: Guid(edf36f15892d1fb4d913feaa9b0a6dc3) Importer(815301076,1909f56bfc062723c751e8b465ee728b)
Start importing Assets/Assets/Modular Castle/Assets/prefabs2/prefabs/wall3.prefab using Guid(edf36f15892d1fb4d913feaa9b0a6dc3) Importer(815301076,1909f56bfc062723c751e8b465ee728b)  -> (artifact id: '06096d9addb85faae41846900c20faee') in 0.019318 seconds 
========================================================================
Received Import Request.
  Time since last request: 13.128109 seconds.
  path: Assets/Assets/Modular Castle/Assets/prefabs2/prefabs/wall4.prefab
  artifactKey: Guid(c83073190e4a3614b9dbac2cf9c47f32) Importer(815301076,1909f56bfc062723c751e8b465ee728b)
Start importing Assets/Assets/Modular Castle/Assets/prefabs2/prefabs/wall4.prefab using Guid(c83073190e4a3614b9dbac2cf9c47f32) Importer(815301076,1909f56bfc062723c751e8b465ee728b)  -> (artifact id: '73f16201e1af1cb9dff2a7d11a103e3f') in 0.018541 seconds 
========================================================================
Received Import Request.
  Time since last request: 3.072505 seconds.
  path: Assets/Assets/Modular Castle/Assets/prefabs2/prefabs/pillar_small2.prefab
  artifactKey: Guid(720d5674259cf2e4f9c0bc8698ed5c17) Importer(815301076,1909f56bfc062723c751e8b465ee728b)
Start importing Assets/Assets/Modular Castle/Assets/prefabs2/prefabs/pillar_small2.prefab using Guid(720d5674259cf2e4f9c0bc8698ed5c17) Importer(815301076,1909f56bfc062723c751e8b465ee728b)  -> (artifact id: '5b7bb77ea789a63147b20f3677e9cc3b') in 0.018352 seconds 
========================================================================
Received Import Request.
  Time since last request: 9.946177 seconds.
  path: Assets/Assets/Modular Castle/Assets/prefabs2/prefabs/pillar_small1.prefab
  artifactKey: Guid(f18c80e40f3eae04a943a2e61d870d14) Importer(815301076,1909f56bfc062723c751e8b465ee728b)
Start importing Assets/Assets/Modular Castle/Assets/prefabs2/prefabs/pillar_small1.prefab using Guid(f18c80e40f3eae04a943a2e61d870d14) Importer(815301076,1909f56bfc062723c751e8b465ee728b)  -> (artifact id: 'ef946b0e269b794332afc8120df9341f') in 0.018020 seconds 
========================================================================
Received Import Request.
  Time since last request: 6.045684 seconds.
  path: Assets/Assets/Modular Castle/Assets/prefabs2/prefabs/bed1.prefab
  artifactKey: Guid(4262c5895a7ed7f47b98ea94be746d7b) Importer(815301076,1909f56bfc062723c751e8b465ee728b)
Start importing Assets/Assets/Modular Castle/Assets/prefabs2/prefabs/bed1.prefab using Guid(4262c5895a7ed7f47b98ea94be746d7b) Importer(815301076,1909f56bfc062723c751e8b465ee728b)  -> (artifact id: '4df0fd13194689f7d15a47805f61bf88') in 0.019724 seconds 
========================================================================
Received Import Request.
  Time since last request: 2.597041 seconds.
  path: Assets/Assets/Modular Castle/Assets/prefabs2/prefabs/bed2.prefab
  artifactKey: Guid(603974aa53b216142bc3b923a72e69a2) Importer(815301076,1909f56bfc062723c751e8b465ee728b)
Start importing Assets/Assets/Modular Castle/Assets/prefabs2/prefabs/bed2.prefab using Guid(603974aa53b216142bc3b923a72e69a2) Importer(815301076,1909f56bfc062723c751e8b465ee728b)  -> (artifact id: '4b26d65280ab9660f987ff44c5d24523') in 0.017525 seconds 
========================================================================
Received Import Request.
  Time since last request: 9.603511 seconds.
  path: Assets/Assets/Modular Castle/Assets/prefabs2/prefabs/bed2.prefab
  artifactKey: Guid(603974aa53b216142bc3b923a72e69a2) Importer(815301076,1909f56bfc062723c751e8b465ee728b)
Start importing Assets/Assets/Modular Castle/Assets/prefabs2/prefabs/bed2.prefab using Guid(603974aa53b216142bc3b923a72e69a2) Importer(815301076,1909f56bfc062723c751e8b465ee728b)  -> (artifact id: '08c8f0735d775081bbd02021033e7350') in 0.015062 seconds 
========================================================================
Received Import Request.
  Time since last request: 7.210230 seconds.
  path: Assets/Assets/Modular Castle/Assets/prefabs2/prefabs/bed1.prefab
  artifactKey: Guid(4262c5895a7ed7f47b98ea94be746d7b) Importer(815301076,1909f56bfc062723c751e8b465ee728b)
Start importing Assets/Assets/Modular Castle/Assets/prefabs2/prefabs/bed1.prefab using Guid(4262c5895a7ed7f47b98ea94be746d7b) Importer(815301076,1909f56bfc062723c751e8b465ee728b)  -> (artifact id: '5e50e70162f3b986bc997f975783006a') in 0.018281 seconds 
========================================================================
Received Import Request.
  Time since last request: 14.128202 seconds.
  path: Assets/Assets/Modular Castle/Assets/prefabs2/prefabs/barrel.prefab
  artifactKey: Guid(8c2b62e7246b8be418a40cb56f42685a) Importer(815301076,1909f56bfc062723c751e8b465ee728b)
Start importing Assets/Assets/Modular Castle/Assets/prefabs2/prefabs/barrel.prefab using Guid(8c2b62e7246b8be418a40cb56f42685a) Importer(815301076,1909f56bfc062723c751e8b465ee728b)  -> (artifact id: '5b1e75607c8f7c8f32e370c7b78da09a') in 0.023295 seconds 
========================================================================
Received Import Request.
  Time since last request: 10.224282 seconds.
  path: Assets/Assets/Modular Castle/Assets/prefabs2/prefabs/barrel.prefab
  artifactKey: Guid(8c2b62e7246b8be418a40cb56f42685a) Importer(815301076,1909f56bfc062723c751e8b465ee728b)
Start importing Assets/Assets/Modular Castle/Assets/prefabs2/prefabs/barrel.prefab using Guid(8c2b62e7246b8be418a40cb56f42685a) Importer(815301076,1909f56bfc062723c751e8b465ee728b)  -> (artifact id: '6034c74802c71a57cded308fe31b78bd') in 0.015498 seconds 
========================================================================
Received Import Request.
  Time since last request: 3.008640 seconds.
  path: Assets/Assets/Modular Castle/Assets/prefabs2/prefabs/barrel.prefab
  artifactKey: Guid(8c2b62e7246b8be418a40cb56f42685a) Importer(815301076,1909f56bfc062723c751e8b465ee728b)
Start importing Assets/Assets/Modular Castle/Assets/prefabs2/prefabs/barrel.prefab using Guid(8c2b62e7246b8be418a40cb56f42685a) Importer(815301076,1909f56bfc062723c751e8b465ee728b)  -> (artifact id: 'e67208b78888c7f8faaa89716b9e842a') in 0.016178 seconds 
========================================================================
Received Prepare
Registering precompiled user dll's ...
Registered in 0.012280 seconds.
Begin MonoManager ReloadAssembly
Symbol file LoadedFromMemory doesn't match image C:\Users\user\OneDrive\바탕 화면\깃허브 레포지터리\CG_HW2_CJU\CG_HW2_CJU\Library\PackageCache\com.unity.visualscripting@1.7.8\Editor\VisualScripting.Core\Dependencies\YamlDotNet\Unity.VisualScripting.YamlDotNet.dll
Symbol file LoadedFromMemory doesn't match image C:\Users\user\OneDrive\바탕 화면\깃허브 레포지터리\CG_HW2_CJU\CG_HW2_CJU\Library\PackageCache\com.unity.visualscripting@1.7.8\Editor\VisualScripting.Core\Dependencies\DotNetZip\Unity.VisualScripting.IonicZip.dll
Native extension for WindowsStandalone target not found
Refreshing native plugins compatible for Editor in 0.71 ms, found 3 plugins.
Preloading 0 native plugins for Editor in 0.00 ms.
Mono: successfully reloaded assembly
- Completed reload, in  1.034 seconds
Domain Reload Profiling:
	ReloadAssembly (1035ms)
		BeginReloadAssembly (151ms)
			ExecutionOrderSort (0ms)
			DisableScriptedObjects (5ms)
			BackupInstance (0ms)
			ReleaseScriptingObjects (0ms)
			CreateAndSetChildDomain (32ms)
		EndReloadAssembly (783ms)
			LoadAssemblies (116ms)
			RebuildTransferFunctionScriptingTraits (0ms)
			SetupTypeCache (249ms)
			ReleaseScriptCaches (1ms)
			RebuildScriptCaches (39ms)
			SetupLoadedEditorAssemblies (345ms)
				LogAssemblyErrors (0ms)
				InitializePlatformSupportModulesInManaged (14ms)
				SetLoadedEditorAssemblies (1ms)
				RefreshPlugins (1ms)
				BeforeProcessingInitializeOnLoad (85ms)
				ProcessInitializeOnLoadAttributes (202ms)
				ProcessInitializeOnLoadMethodAttributes (27ms)
				AfterProcessingInitializeOnLoad (15ms)
				EditorAssembliesLoaded (0ms)
			ExecutionOrderSort2 (0ms)
			AwakeInstancesAfterBackupRestoration (13ms)
Platform modules already initialized, skipping
Refreshing native plugins compatible for Editor in 2.36 ms, found 3 plugins.
Preloading 0 native plugins for Editor in 0.00 ms.
Unloading 3372 Unused Serialized files (Serialized files now loaded: 0)
Unloading 20 unused Assets / (82.9 KB). Loaded Objects now: 3887.
Memory consumption went from 154.5 MB to 154.4 MB.
Total: 2.588900 ms (FindLiveObjects: 0.264200 ms CreateObjectMapping: 0.205500 ms MarkObjects: 2.014500 ms  DeleteObjects: 0.104000 ms)

AssetImportParameters requested are different than current active one (requested -> active):
  custom:video-decoder-ogg-theora: a1e56fd34408186e4bbccfd4996cb3dc -> 
  custom:container-muxer-webm: aa71ff27fc2769a1b78a27578f13a17b -> 
  custom:container-demuxer-webm: 4f35f7cbe854078d1ac9338744f61a02 -> 
  custom:video-encoder-webm-vp8: eb34c28f22e8b96e1ab97ce403110664 -> 
  custom:audio-encoder-webm-vorbis: bf7c407c2cedff20999df2af8eb42d56 -> 
  custom:framework-win-MediaFoundation: 216162199b28c13a410421893ffa2e32 -> 
  custom:container-demuxer-ogg: 62fdf1f143b41e24485cea50d1cbac27 -> 
  custom:video-decoder-webm-vp8: 9c59270c3fd7afecdb556c50c9e8de78 -> 
  custom:audio-decoder-ogg-vorbis: bf7c407c2cedff20999df2af8eb42d56 -> 
========================================================================
Received Import Request.
  Time since last request: 32.223590 seconds.
  path: Assets/Assets/Modular Castle/Assets/prefabs2/prefabs/carpet1.prefab
  artifactKey: Guid(a4bea53168e748947a482379d038f738) Importer(815301076,1909f56bfc062723c751e8b465ee728b)
Start importing Assets/Assets/Modular Castle/Assets/prefabs2/prefabs/carpet1.prefab using Guid(a4bea53168e748947a482379d038f738) Importer(815301076,1909f56bfc062723c751e8b465ee728b)  -> (artifact id: '0c9847c7c2f8debecfdb63e20ca74131') in 0.073272 seconds 
========================================================================
Received Import Request.
  Time since last request: 2.487677 seconds.
  path: Assets/Assets/Modular Castle/Assets/prefabs2/prefabs/carpet3.prefab
  artifactKey: Guid(eddf42ac28e1a0f4fb79767394e23cda) Importer(815301076,1909f56bfc062723c751e8b465ee728b)
Start importing Assets/Assets/Modular Castle/Assets/prefabs2/prefabs/carpet3.prefab using Guid(eddf42ac28e1a0f4fb79767394e23cda) Importer(815301076,1909f56bfc062723c751e8b465ee728b)  -> (artifact id: 'd31dad1717a6b5d8e73069dd8a001146') in 0.020044 seconds 
========================================================================
Received Import Request.
  Time since last request: 6.347244 seconds.
  path: Assets/Assets/Modular Castle/Assets/prefabs2/prefabs/carpet3.prefab
  artifactKey: Guid(eddf42ac28e1a0f4fb79767394e23cda) Importer(815301076,1909f56bfc062723c751e8b465ee728b)
Start importing Assets/Assets/Modular Castle/Assets/prefabs2/prefabs/carpet3.prefab using Guid(eddf42ac28e1a0f4fb79767394e23cda) Importer(815301076,1909f56bfc062723c751e8b465ee728b)  -> (artifact id: '55729f9198af0cf5223232f7e43758b4') in 0.013675 seconds 
========================================================================
Received Import Request.
  Time since last request: 4.340062 seconds.
  path: Assets/Assets/Modular Castle/Assets/prefabs2/prefabs/carpet2.prefab
  artifactKey: Guid(35c6d94887fe5a84ba4a460acffa37ed) Importer(815301076,1909f56bfc062723c751e8b465ee728b)
Start importing Assets/Assets/Modular Castle/Assets/prefabs2/prefabs/carpet2.prefab using Guid(35c6d94887fe5a84ba4a460acffa37ed) Importer(815301076,1909f56bfc062723c751e8b465ee728b)  -> (artifact id: 'bf12ef3741a12eceaee84e2e3da3261c') in 0.018749 seconds 
========================================================================
Received Import Request.
  Time since last request: 9.439546 seconds.
  path: Assets/Assets/Modular Castle/Assets/prefabs2/prefabs/carpet2.prefab
  artifactKey: Guid(35c6d94887fe5a84ba4a460acffa37ed) Importer(815301076,1909f56bfc062723c751e8b465ee728b)
Start importing Assets/Assets/Modular Castle/Assets/prefabs2/prefabs/carpet2.prefab using Guid(35c6d94887fe5a84ba4a460acffa37ed) Importer(815301076,1909f56bfc062723c751e8b465ee728b)  -> (artifact id: '5761fbad875fd3757061539f57969f71') in 0.016125 seconds 
========================================================================
Received Import Request.
  Time since last request: 10.617624 seconds.
  path: Assets/Assets/Modular Castle/Assets/prefabs2/prefabs/box.prefab
  artifactKey: Guid(8799b841d75370f44ba4ccf79bc7658b) Importer(815301076,1909f56bfc062723c751e8b465ee728b)
Start importing Assets/Assets/Modular Castle/Assets/prefabs2/prefabs/box.prefab using Guid(8799b841d75370f44ba4ccf79bc7658b) Importer(815301076,1909f56bfc062723c751e8b465ee728b)  -> (artifact id: '4c134ce3f1992ed9f947c941ef78b3b1') in 0.021845 seconds 
========================================================================
Received Import Request.
  Time since last request: 8.848907 seconds.
  path: Assets/Assets/Modular Castle/Assets/prefabs2/prefabs/box.prefab
  artifactKey: Guid(8799b841d75370f44ba4ccf79bc7658b) Importer(815301076,1909f56bfc062723c751e8b465ee728b)
Start importing Assets/Assets/Modular Castle/Assets/prefabs2/prefabs/box.prefab using Guid(8799b841d75370f44ba4ccf79bc7658b) Importer(815301076,1909f56bfc062723c751e8b465ee728b)  -> (artifact id: '4ea9cf74bdaf393f808211bbee237022') in 0.017008 seconds 
========================================================================
Received Import Request.
  Time since last request: 2.895124 seconds.
  path: Assets/Assets/Modular Castle/Assets/prefabs2/prefabs/box1.prefab
  artifactKey: Guid(a67e15b1ca208c641a5b4e1e20844590) Importer(815301076,1909f56bfc062723c751e8b465ee728b)
Start importing Assets/Assets/Modular Castle/Assets/prefabs2/prefabs/box1.prefab using Guid(a67e15b1ca208c641a5b4e1e20844590) Importer(815301076,1909f56bfc062723c751e8b465ee728b)  -> (artifact id: 'f05460513caa13e0f8841f9b6bc98a9c') in 0.022044 seconds 
========================================================================
Received Import Request.
  Time since last request: 4.868052 seconds.
  path: Assets/Assets/Modular Castle/Assets/prefabs2/prefabs/box2.prefab
  artifactKey: Guid(cc099d4b9ab7d3b4287693466cb6ff9e) Importer(815301076,1909f56bfc062723c751e8b465ee728b)
Start importing Assets/Assets/Modular Castle/Assets/prefabs2/prefabs/box2.prefab using Guid(cc099d4b9ab7d3b4287693466cb6ff9e) Importer(815301076,1909f56bfc062723c751e8b465ee728b)  -> (artifact id: '56766cb43f2e094314e9e846c183c28f') in 0.017748 seconds 
========================================================================
Received Import Request.
  Time since last request: 9.303195 seconds.
  path: Assets/Assets/Modular Castle/Assets/prefabs2/prefabs/box2.prefab
  artifactKey: Guid(cc099d4b9ab7d3b4287693466cb6ff9e) Importer(815301076,1909f56bfc062723c751e8b465ee728b)
Start importing Assets/Assets/Modular Castle/Assets/prefabs2/prefabs/box2.prefab using Guid(cc099d4b9ab7d3b4287693466cb6ff9e) Importer(815301076,1909f56bfc062723c751e8b465ee728b)  -> (artifact id: '41e80ec90a4aa5e8cf84de363d514ebc') in 0.015592 seconds 
========================================================================
Received Import Request.
  Time since last request: 3.402782 seconds.
  path: Assets/Assets/Modular Castle/Assets/prefabs2/prefabs/box3.prefab
  artifactKey: Guid(40064a3eba9f8ef4db78ee0fbcd75c8c) Importer(815301076,1909f56bfc062723c751e8b465ee728b)
Start importing Assets/Assets/Modular Castle/Assets/prefabs2/prefabs/box3.prefab using Guid(40064a3eba9f8ef4db78ee0fbcd75c8c) Importer(815301076,1909f56bfc062723c751e8b465ee728b)  -> (artifact id: '5ecb227f065fcc406aa669d85b3bb841') in 0.020645 seconds 
========================================================================
Received Import Request.
  Time since last request: 4.193751 seconds.
  path: Assets/Assets/Modular Castle/Assets/prefabs2/prefabs/box3.prefab
  artifactKey: Guid(40064a3eba9f8ef4db78ee0fbcd75c8c) Importer(815301076,1909f56bfc062723c751e8b465ee728b)
Start importing Assets/Assets/Modular Castle/Assets/prefabs2/prefabs/box3.prefab using Guid(40064a3eba9f8ef4db78ee0fbcd75c8c) Importer(815301076,1909f56bfc062723c751e8b465ee728b)  -> (artifact id: '257f28ed82e043d190c4b4c5227bae1d') in 0.016037 seconds 
========================================================================
Received Import Request.
  Time since last request: 5.856493 seconds.
  path: Assets/Assets/Modular Castle/Assets/prefabs2/prefabs/doorway1.prefab
  artifactKey: Guid(0b7f3b033306b6d4b956436528383403) Importer(815301076,1909f56bfc062723c751e8b465ee728b)
Start importing Assets/Assets/Modular Castle/Assets/prefabs2/prefabs/doorway1.prefab using Guid(0b7f3b033306b6d4b956436528383403) Importer(815301076,1909f56bfc062723c751e8b465ee728b)  -> (artifact id: '6b457b56088eff5857e136aabdb83527') in 0.018061 seconds 
========================================================================
Received Prepare
Registering precompiled user dll's ...
Registered in 0.010377 seconds.
Begin MonoManager ReloadAssembly
Symbol file LoadedFromMemory doesn't match image C:\Users\user\OneDrive\바탕 화면\깃허브 레포지터리\CG_HW2_CJU\CG_HW2_CJU\Library\PackageCache\com.unity.visualscripting@1.7.8\Editor\VisualScripting.Core\Dependencies\YamlDotNet\Unity.VisualScripting.YamlDotNet.dll
Symbol file LoadedFromMemory doesn't match image C:\Users\user\OneDrive\바탕 화면\깃허브 레포지터리\CG_HW2_CJU\CG_HW2_CJU\Library\PackageCache\com.unity.visualscripting@1.7.8\Editor\VisualScripting.Core\Dependencies\DotNetZip\Unity.VisualScripting.IonicZip.dll
Native extension for WindowsStandalone target not found
Refreshing native plugins compatible for Editor in 0.62 ms, found 3 plugins.
Preloading 0 native plugins for Editor in 0.00 ms.
Mono: successfully reloaded assembly
- Completed reload, in  1.009 seconds
Domain Reload Profiling:
	ReloadAssembly (1010ms)
		BeginReloadAssembly (151ms)
			ExecutionOrderSort (0ms)
			DisableScriptedObjects (4ms)
			BackupInstance (0ms)
			ReleaseScriptingObjects (0ms)
			CreateAndSetChildDomain (32ms)
		EndReloadAssembly (758ms)
			LoadAssemblies (114ms)
			RebuildTransferFunctionScriptingTraits (0ms)
			SetupTypeCache (240ms)
			ReleaseScriptCaches (1ms)
			RebuildScriptCaches (38ms)
			SetupLoadedEditorAssemblies (336ms)
				LogAssemblyErrors (0ms)
				InitializePlatformSupportModulesInManaged (13ms)
				SetLoadedEditorAssemblies (0ms)
				RefreshPlugins (1ms)
				BeforeProcessingInitializeOnLoad (84ms)
				ProcessInitializeOnLoadAttributes (194ms)
				ProcessInitializeOnLoadMethodAttributes (28ms)
				AfterProcessingInitializeOnLoad (15ms)
				EditorAssembliesLoaded (0ms)
			ExecutionOrderSort2 (0ms)
			AwakeInstancesAfterBackupRestoration (11ms)
Platform modules already initialized, skipping
Refreshing native plugins compatible for Editor in 2.79 ms, found 3 plugins.
Preloading 0 native plugins for Editor in 0.00 ms.
Unloading 3372 Unused Serialized files (Serialized files now loaded: 0)
Unloading 20 unused Assets / (83.0 KB). Loaded Objects now: 3890.
Memory consumption went from 154.5 MB to 154.4 MB.
Total: 2.680500 ms (FindLiveObjects: 0.276700 ms CreateObjectMapping: 0.162400 ms MarkObjects: 2.128300 ms  DeleteObjects: 0.112000 ms)

AssetImportParameters requested are different than current active one (requested -> active):
  custom:video-decoder-ogg-theora: a1e56fd34408186e4bbccfd4996cb3dc -> 
  custom:container-muxer-webm: aa71ff27fc2769a1b78a27578f13a17b -> 
  custom:container-demuxer-webm: 4f35f7cbe854078d1ac9338744f61a02 -> 
  custom:video-encoder-webm-vp8: eb34c28f22e8b96e1ab97ce403110664 -> 
  custom:audio-encoder-webm-vorbis: bf7c407c2cedff20999df2af8eb42d56 -> 
  custom:framework-win-MediaFoundation: 216162199b28c13a410421893ffa2e32 -> 
  custom:container-demuxer-ogg: 62fdf1f143b41e24485cea50d1cbac27 -> 
  custom:video-decoder-webm-vp8: 9c59270c3fd7afecdb556c50c9e8de78 -> 
  custom:audio-decoder-ogg-vorbis: bf7c407c2cedff20999df2af8eb42d56 -> 
========================================================================
Received Import Request.
  Time since last request: 65.925352 seconds.
  path: Assets/Assets/Modular Castle/Assets/prefabs2/prefabs/doorway1.prefab
  artifactKey: Guid(0b7f3b033306b6d4b956436528383403) Importer(815301076,1909f56bfc062723c751e8b465ee728b)
Start importing Assets/Assets/Modular Castle/Assets/prefabs2/prefabs/doorway1.prefab using Guid(0b7f3b033306b6d4b956436528383403) Importer(815301076,1909f56bfc062723c751e8b465ee728b)  -> (artifact id: 'b708ced3dbfe71e3b2135960b0efa225') in 0.071953 seconds 
========================================================================
Received Prepare
Registering precompiled user dll's ...
Registered in 0.010258 seconds.
Begin MonoManager ReloadAssembly
Symbol file LoadedFromMemory doesn't match image C:\Users\user\OneDrive\바탕 화면\깃허브 레포지터리\CG_HW2_CJU\CG_HW2_CJU\Library\PackageCache\com.unity.visualscripting@1.7.8\Editor\VisualScripting.Core\Dependencies\YamlDotNet\Unity.VisualScripting.YamlDotNet.dll
Symbol file LoadedFromMemory doesn't match image C:\Users\user\OneDrive\바탕 화면\깃허브 레포지터리\CG_HW2_CJU\CG_HW2_CJU\Library\PackageCache\com.unity.visualscripting@1.7.8\Editor\VisualScripting.Core\Dependencies\DotNetZip\Unity.VisualScripting.IonicZip.dll
Native extension for WindowsStandalone target not found
Refreshing native plugins compatible for Editor in 0.58 ms, found 3 plugins.
Preloading 0 native plugins for Editor in 0.00 ms.
Mono: successfully reloaded assembly
- Completed reload, in  1.054 seconds
Domain Reload Profiling:
	ReloadAssembly (1055ms)
		BeginReloadAssembly (145ms)
			ExecutionOrderSort (0ms)
			DisableScriptedObjects (5ms)
			BackupInstance (0ms)
			ReleaseScriptingObjects (0ms)
			CreateAndSetChildDomain (29ms)
		EndReloadAssembly (811ms)
			LoadAssemblies (129ms)
			RebuildTransferFunctionScriptingTraits (0ms)
			SetupTypeCache (254ms)
			ReleaseScriptCaches (1ms)
			RebuildScriptCaches (40ms)
			SetupLoadedEditorAssemblies (348ms)
				LogAssemblyErrors (0ms)
				InitializePlatformSupportModulesInManaged (15ms)
				SetLoadedEditorAssemblies (1ms)
				RefreshPlugins (1ms)
				BeforeProcessingInitializeOnLoad (85ms)
				ProcessInitializeOnLoadAttributes (203ms)
				ProcessInitializeOnLoadMethodAttributes (28ms)
				AfterProcessingInitializeOnLoad (15ms)
				EditorAssembliesLoaded (0ms)
			ExecutionOrderSort2 (0ms)
			AwakeInstancesAfterBackupRestoration (13ms)
Platform modules already initialized, skipping
Refreshing native plugins compatible for Editor in 2.77 ms, found 3 plugins.
Preloading 0 native plugins for Editor in 0.00 ms.
Unloading 3372 Unused Serialized files (Serialized files now loaded: 0)
Unloading 20 unused Assets / (82.8 KB). Loaded Objects now: 3893.
Memory consumption went from 154.5 MB to 154.4 MB.
Total: 2.595600 ms (FindLiveObjects: 0.259200 ms CreateObjectMapping: 0.229400 ms MarkObjects: 2.004300 ms  DeleteObjects: 0.101600 ms)

AssetImportParameters requested are different than current active one (requested -> active):
  custom:video-decoder-ogg-theora: a1e56fd34408186e4bbccfd4996cb3dc -> 
  custom:container-muxer-webm: aa71ff27fc2769a1b78a27578f13a17b -> 
  custom:container-demuxer-webm: 4f35f7cbe854078d1ac9338744f61a02 -> 
  custom:video-encoder-webm-vp8: eb34c28f22e8b96e1ab97ce403110664 -> 
  custom:audio-encoder-webm-vorbis: bf7c407c2cedff20999df2af8eb42d56 -> 
  custom:framework-win-MediaFoundation: 216162199b28c13a410421893ffa2e32 -> 
  custom:container-demuxer-ogg: 62fdf1f143b41e24485cea50d1cbac27 -> 
  custom:video-decoder-webm-vp8: 9c59270c3fd7afecdb556c50c9e8de78 -> 
  custom:audio-decoder-ogg-vorbis: bf7c407c2cedff20999df2af8eb42d56 -> 
========================================================================
Received Import Request.
  Time since last request: 154.001222 seconds.
  path: Assets/Assets/Modular Castle/Assets/prefabs2/prefabs/doorway1.prefab
  artifactKey: Guid(0b7f3b033306b6d4b956436528383403) Importer(815301076,1909f56bfc062723c751e8b465ee728b)
Start importing Assets/Assets/Modular Castle/Assets/prefabs2/prefabs/doorway1.prefab using Guid(0b7f3b033306b6d4b956436528383403) Importer(815301076,1909f56bfc062723c751e8b465ee728b)  -> (artifact id: '7ca65a76688a7f07c8b1662e9f654dda') in 0.083855 seconds 
========================================================================
Received Import Request.
  Time since last request: 6.125971 seconds.
  path: Assets/Assets/Modular Castle/Assets/prefabs2/prefabs/doorway1.prefab
  artifactKey: Guid(0b7f3b033306b6d4b956436528383403) Importer(815301076,1909f56bfc062723c751e8b465ee728b)
Start importing Assets/Assets/Modular Castle/Assets/prefabs2/prefabs/doorway1.prefab using Guid(0b7f3b033306b6d4b956436528383403) Importer(815301076,1909f56bfc062723c751e8b465ee728b)  -> (artifact id: 'd23762f0d638b98d483084ee6ea82141') in 0.016995 seconds 
========================================================================
Received Import Request.
  Time since last request: 5.232343 seconds.
  path: Assets/Assets/Modular Castle/Assets/prefabs2/prefabs/doorway1.prefab
  artifactKey: Guid(0b7f3b033306b6d4b956436528383403) Importer(815301076,1909f56bfc062723c751e8b465ee728b)
Start importing Assets/Assets/Modular Castle/Assets/prefabs2/prefabs/doorway1.prefab using Guid(0b7f3b033306b6d4b956436528383403) Importer(815301076,1909f56bfc062723c751e8b465ee728b)  -> (artifact id: '9e8ab8b1a9115145e0c42cd9c6c41f62') in 0.017147 seconds 
========================================================================
Received Import Request.
  Time since last request: 4.816242 seconds.
  path: Assets/Assets/Modular Castle/Assets/prefabs2/prefabs/doorway1.prefab
  artifactKey: Guid(0b7f3b033306b6d4b956436528383403) Importer(815301076,1909f56bfc062723c751e8b465ee728b)
Start importing Assets/Assets/Modular Castle/Assets/prefabs2/prefabs/doorway1.prefab using Guid(0b7f3b033306b6d4b956436528383403) Importer(815301076,1909f56bfc062723c751e8b465ee728b)  -> (artifact id: 'bf07a85e8b84fb831c923e4fc2059387') in 0.018647 seconds 
========================================================================
Received Import Request.
  Time since last request: 1.588008 seconds.
  path: Assets/Assets/Modular Castle/Assets/prefabs2/prefabs/doorway1.prefab
  artifactKey: Guid(0b7f3b033306b6d4b956436528383403) Importer(815301076,1909f56bfc062723c751e8b465ee728b)
Start importing Assets/Assets/Modular Castle/Assets/prefabs2/prefabs/doorway1.prefab using Guid(0b7f3b033306b6d4b956436528383403) Importer(815301076,1909f56bfc062723c751e8b465ee728b)  -> (artifact id: 'ba6b88b5fc9c062b3ccf1f0b1a0b3b81') in 0.015023 seconds 
========================================================================
Received Import Request.
  Time since last request: 1.594263 seconds.
  path: Assets/Assets/Modular Castle/Assets/prefabs2/prefabs/doorway1.prefab
  artifactKey: Guid(0b7f3b033306b6d4b956436528383403) Importer(815301076,1909f56bfc062723c751e8b465ee728b)
Start importing Assets/Assets/Modular Castle/Assets/prefabs2/prefabs/doorway1.prefab using Guid(0b7f3b033306b6d4b956436528383403) Importer(815301076,1909f56bfc062723c751e8b465ee728b)  -> (artifact id: '9533214c13fb4b190a1ca1ea91090769') in 0.014310 seconds 
========================================================================
Received Import Request.
  Time since last request: 2.823366 seconds.
  path: Assets/Assets/Modular Castle/Assets/prefabs2/prefabs/doorway1.prefab
  artifactKey: Guid(0b7f3b033306b6d4b956436528383403) Importer(815301076,1909f56bfc062723c751e8b465ee728b)
Start importing Assets/Assets/Modular Castle/Assets/prefabs2/prefabs/doorway1.prefab using Guid(0b7f3b033306b6d4b956436528383403) Importer(815301076,1909f56bfc062723c751e8b465ee728b)  -> (artifact id: 'fe842e9c3879b9fd17d0d127e1b28cd2') in 0.015264 seconds 
========================================================================
Received Import Request.
  Time since last request: 3.209251 seconds.
  path: Assets/Assets/Modular Castle/Assets/prefabs2/prefabs/doorway1.prefab
  artifactKey: Guid(0b7f3b033306b6d4b956436528383403) Importer(815301076,1909f56bfc062723c751e8b465ee728b)
Start importing Assets/Assets/Modular Castle/Assets/prefabs2/prefabs/doorway1.prefab using Guid(0b7f3b033306b6d4b956436528383403) Importer(815301076,1909f56bfc062723c751e8b465ee728b)  -> (artifact id: '0bc5d97048a52f2a1a171951fe92641d') in 0.018344 seconds 
========================================================================
Received Import Request.
  Time since last request: 8.683311 seconds.
  path: Assets/Assets/Modular Castle/Assets/prefabs2/prefabs/doorway1.prefab
  artifactKey: Guid(0b7f3b033306b6d4b956436528383403) Importer(815301076,1909f56bfc062723c751e8b465ee728b)
Start importing Assets/Assets/Modular Castle/Assets/prefabs2/prefabs/doorway1.prefab using Guid(0b7f3b033306b6d4b956436528383403) Importer(815301076,1909f56bfc062723c751e8b465ee728b)  -> (artifact id: 'ec580e00da0cbaaa649db0d628af36c0') in 0.014417 seconds 
========================================================================
Received Import Request.
  Time since last request: 23.293543 seconds.
  path: Assets/Assets/Modular Castle/Assets/prefabs2/prefabs/doorway1.prefab
  artifactKey: Guid(0b7f3b033306b6d4b956436528383403) Importer(815301076,1909f56bfc062723c751e8b465ee728b)
Start importing Assets/Assets/Modular Castle/Assets/prefabs2/prefabs/doorway1.prefab using Guid(0b7f3b033306b6d4b956436528383403) Importer(815301076,1909f56bfc062723c751e8b465ee728b)  -> (artifact id: '6fa041adb7c9ec2c5c01cb2f8f5d0e44') in 0.016395 seconds 
========================================================================
Received Import Request.
  Time since last request: 7.033742 seconds.
  path: Assets/Assets/Modular Castle/Assets/prefabs2/prefabs/doorway1.prefab
  artifactKey: Guid(0b7f3b033306b6d4b956436528383403) Importer(815301076,1909f56bfc062723c751e8b465ee728b)
Start importing Assets/Assets/Modular Castle/Assets/prefabs2/prefabs/doorway1.prefab using Guid(0b7f3b033306b6d4b956436528383403) Importer(815301076,1909f56bfc062723c751e8b465ee728b)  -> (artifact id: '23a5aefcdfc842b5132bc762482e222d') in 0.015829 seconds 
========================================================================
Received Import Request.
  Time since last request: 3.226587 seconds.
  path: Assets/Assets/Modular Castle/Assets/prefabs2/prefabs/doorway1.prefab
  artifactKey: Guid(0b7f3b033306b6d4b956436528383403) Importer(815301076,1909f56bfc062723c751e8b465ee728b)
Start importing Assets/Assets/Modular Castle/Assets/prefabs2/prefabs/doorway1.prefab using Guid(0b7f3b033306b6d4b956436528383403) Importer(815301076,1909f56bfc062723c751e8b465ee728b)  -> (artifact id: 'a2d597ef8d4df6bfcaf8de7aa0ca6057') in 0.017073 seconds 
========================================================================
Received Import Request.
  Time since last request: 5.233719 seconds.
  path: Assets/Assets/Modular Castle/Assets/prefabs2/prefabs/doorway1.prefab
  artifactKey: Guid(0b7f3b033306b6d4b956436528383403) Importer(815301076,1909f56bfc062723c751e8b465ee728b)
Start importing Assets/Assets/Modular Castle/Assets/prefabs2/prefabs/doorway1.prefab using Guid(0b7f3b033306b6d4b956436528383403) Importer(815301076,1909f56bfc062723c751e8b465ee728b)  -> (artifact id: '2d4e45ed1f80d481569fea82ea02b811') in 0.015762 seconds 
========================================================================
Received Import Request.
  Time since last request: 3.199627 seconds.
  path: Assets/Assets/Modular Castle/Assets/prefabs2/prefabs/doorway1.prefab
  artifactKey: Guid(0b7f3b033306b6d4b956436528383403) Importer(815301076,1909f56bfc062723c751e8b465ee728b)
Start importing Assets/Assets/Modular Castle/Assets/prefabs2/prefabs/doorway1.prefab using Guid(0b7f3b033306b6d4b956436528383403) Importer(815301076,1909f56bfc062723c751e8b465ee728b)  -> (artifact id: '26c08bb8e0a98b860cb428522cf66eba') in 0.014652 seconds 
========================================================================
Received Import Request.
  Time since last request: 2.204266 seconds.
  path: Assets/Assets/Modular Castle/Assets/prefabs2/prefabs/doorway1.prefab
  artifactKey: Guid(0b7f3b033306b6d4b956436528383403) Importer(815301076,1909f56bfc062723c751e8b465ee728b)
Start importing Assets/Assets/Modular Castle/Assets/prefabs2/prefabs/doorway1.prefab using Guid(0b7f3b033306b6d4b956436528383403) Importer(815301076,1909f56bfc062723c751e8b465ee728b)  -> (artifact id: '3e6f831061fc354732449bc4687dc464') in 0.013991 seconds 
========================================================================
Received Prepare
Registering precompiled user dll's ...
Registered in 0.010361 seconds.
Begin MonoManager ReloadAssembly
Symbol file LoadedFromMemory doesn't match image C:\Users\user\OneDrive\바탕 화면\깃허브 레포지터리\CG_HW2_CJU\CG_HW2_CJU\Library\PackageCache\com.unity.visualscripting@1.7.8\Editor\VisualScripting.Core\Dependencies\YamlDotNet\Unity.VisualScripting.YamlDotNet.dll
Symbol file LoadedFromMemory doesn't match image C:\Users\user\OneDrive\바탕 화면\깃허브 레포지터리\CG_HW2_CJU\CG_HW2_CJU\Library\PackageCache\com.unity.visualscripting@1.7.8\Editor\VisualScripting.Core\Dependencies\DotNetZip\Unity.VisualScripting.IonicZip.dll
Native extension for WindowsStandalone target not found
Refreshing native plugins compatible for Editor in 0.53 ms, found 3 plugins.
Preloading 0 native plugins for Editor in 0.00 ms.
Mono: successfully reloaded assembly
- Completed reload, in  1.050 seconds
Domain Reload Profiling:
	ReloadAssembly (1051ms)
		BeginReloadAssembly (149ms)
			ExecutionOrderSort (0ms)
			DisableScriptedObjects (4ms)
			BackupInstance (0ms)
			ReleaseScriptingObjects (0ms)
			CreateAndSetChildDomain (30ms)
		EndReloadAssembly (795ms)
			LoadAssemblies (127ms)
			RebuildTransferFunctionScriptingTraits (0ms)
			SetupTypeCache (248ms)
			ReleaseScriptCaches (1ms)
			RebuildScriptCaches (41ms)
			SetupLoadedEditorAssemblies (343ms)
				LogAssemblyErrors (0ms)
				InitializePlatformSupportModulesInManaged (14ms)
				SetLoadedEditorAssemblies (0ms)
				RefreshPlugins (1ms)
				BeforeProcessingInitializeOnLoad (84ms)
				ProcessInitializeOnLoadAttributes (200ms)
				ProcessInitializeOnLoadMethodAttributes (29ms)
				AfterProcessingInitializeOnLoad (15ms)
				EditorAssembliesLoaded (0ms)
			ExecutionOrderSort2 (0ms)
			AwakeInstancesAfterBackupRestoration (12ms)
Platform modules already initialized, skipping
Refreshing native plugins compatible for Editor in 2.72 ms, found 3 plugins.
Preloading 0 native plugins for Editor in 0.00 ms.
Unloading 3372 Unused Serialized files (Serialized files now loaded: 0)
Unloading 20 unused Assets / (82.9 KB). Loaded Objects now: 3896.
Memory consumption went from 154.5 MB to 154.4 MB.
Total: 2.587900 ms (FindLiveObjects: 0.260800 ms CreateObjectMapping: 0.162500 ms MarkObjects: 2.051300 ms  DeleteObjects: 0.112300 ms)

AssetImportParameters requested are different than current active one (requested -> active):
  custom:video-decoder-ogg-theora: a1e56fd34408186e4bbccfd4996cb3dc -> 
  custom:container-muxer-webm: aa71ff27fc2769a1b78a27578f13a17b -> 
  custom:container-demuxer-webm: 4f35f7cbe854078d1ac9338744f61a02 -> 
  custom:video-encoder-webm-vp8: eb34c28f22e8b96e1ab97ce403110664 -> 
  custom:audio-encoder-webm-vorbis: bf7c407c2cedff20999df2af8eb42d56 -> 
  custom:framework-win-MediaFoundation: 216162199b28c13a410421893ffa2e32 -> 
  custom:container-demuxer-ogg: 62fdf1f143b41e24485cea50d1cbac27 -> 
  custom:video-decoder-webm-vp8: 9c59270c3fd7afecdb556c50c9e8de78 -> 
  custom:audio-decoder-ogg-vorbis: bf7c407c2cedff20999df2af8eb42d56 -> 
========================================================================
Received Import Request.
  Time since last request: 49.398264 seconds.
  path: Assets/Assets/Modular Castle/Assets/prefabs2/prefabs/carpet1.prefab
  artifactKey: Guid(a4bea53168e748947a482379d038f738) Importer(815301076,1909f56bfc062723c751e8b465ee728b)
Start importing Assets/Assets/Modular Castle/Assets/prefabs2/prefabs/carpet1.prefab using Guid(a4bea53168e748947a482379d038f738) Importer(815301076,1909f56bfc062723c751e8b465ee728b)  -> (artifact id: '996b6e6c231a3efc8d6420a7eb61833e') in 0.086888 seconds 
========================================================================
Received Import Request.
  Time since last request: 2.662963 seconds.
  path: Assets/Assets/Modular Castle/Assets/prefabs2/prefabs/carpet3.prefab
  artifactKey: Guid(eddf42ac28e1a0f4fb79767394e23cda) Importer(815301076,1909f56bfc062723c751e8b465ee728b)
Start importing Assets/Assets/Modular Castle/Assets/prefabs2/prefabs/carpet3.prefab using Guid(eddf42ac28e1a0f4fb79767394e23cda) Importer(815301076,1909f56bfc062723c751e8b465ee728b)  -> (artifact id: '1efd6a57db560d0a4a6922be811b2441') in 0.019117 seconds 
========================================================================
Received Import Request.
  Time since last request: 2.606880 seconds.
  path: Assets/Assets/Modular Castle/Assets/prefabs2/prefabs/carpet2.prefab
  artifactKey: Guid(35c6d94887fe5a84ba4a460acffa37ed) Importer(815301076,1909f56bfc062723c751e8b465ee728b)
Start importing Assets/Assets/Modular Castle/Assets/prefabs2/prefabs/carpet2.prefab using Guid(35c6d94887fe5a84ba4a460acffa37ed) Importer(815301076,1909f56bfc062723c751e8b465ee728b)  -> (artifact id: '48da55cb9dc26b6d8f94e0cbde3ac5f6') in 0.014375 seconds 
========================================================================
Received Import Request.
  Time since last request: 7.944332 seconds.
  path: Assets/Assets/Modular Castle/Assets/prefabs2/prefabs/floor1.prefab
  artifactKey: Guid(64cb684f38ab4e547a77225cd823cf62) Importer(815301076,1909f56bfc062723c751e8b465ee728b)
Start importing Assets/Assets/Modular Castle/Assets/prefabs2/prefabs/floor1.prefab using Guid(64cb684f38ab4e547a77225cd823cf62) Importer(815301076,1909f56bfc062723c751e8b465ee728b)  -> (artifact id: '5da442b5cc89bf1e58b73fb22110cd26') in 0.015618 seconds 
========================================================================
Received Import Request.
  Time since last request: 4.775325 seconds.
  path: Assets/Assets/Modular Castle/Assets/prefabs2/prefabs/floor2.prefab
  artifactKey: Guid(cedd1289634600b4f9df04d76c4c2b4b) Importer(815301076,1909f56bfc062723c751e8b465ee728b)
Start importing Assets/Assets/Modular Castle/Assets/prefabs2/prefabs/floor2.prefab using Guid(cedd1289634600b4f9df04d76c4c2b4b) Importer(815301076,1909f56bfc062723c751e8b465ee728b)  -> (artifact id: '7c2d71726ea3381650cb66fd5615ba1c') in 0.016867 seconds 
========================================================================
Received Import Request.
  Time since last request: 8.494652 seconds.
  path: Assets/Assets/Modular Castle/Assets/prefabs2/prefabs/stairs1.prefab
  artifactKey: Guid(996c5ca3ae0ceae41aeba2b1f9f7ec9d) Importer(815301076,1909f56bfc062723c751e8b465ee728b)
Start importing Assets/Assets/Modular Castle/Assets/prefabs2/prefabs/stairs1.prefab using Guid(996c5ca3ae0ceae41aeba2b1f9f7ec9d) Importer(815301076,1909f56bfc062723c751e8b465ee728b)  -> (artifact id: 'ad9b167b67e4b3805170688accacfed2') in 0.017503 seconds 
========================================================================
Received Import Request.
  Time since last request: 11.481150 seconds.
  path: Assets/Assets/Modular Castle/Assets/prefabs2/prefabs/stairs1.prefab
  artifactKey: Guid(996c5ca3ae0ceae41aeba2b1f9f7ec9d) Importer(815301076,1909f56bfc062723c751e8b465ee728b)
Start importing Assets/Assets/Modular Castle/Assets/prefabs2/prefabs/stairs1.prefab using Guid(996c5ca3ae0ceae41aeba2b1f9f7ec9d) Importer(815301076,1909f56bfc062723c751e8b465ee728b)  -> (artifact id: '865fe71cc1068b9eb08d9576a4f2b69b') in 0.020139 seconds 
========================================================================
Received Import Request.
  Time since last request: 2.664008 seconds.
  path: Assets/Assets/Modular Castle/Assets/prefabs2/prefabs/stairs1.prefab
  artifactKey: Guid(996c5ca3ae0ceae41aeba2b1f9f7ec9d) Importer(815301076,1909f56bfc062723c751e8b465ee728b)
Start importing Assets/Assets/Modular Castle/Assets/prefabs2/prefabs/stairs1.prefab using Guid(996c5ca3ae0ceae41aeba2b1f9f7ec9d) Importer(815301076,1909f56bfc062723c751e8b465ee728b)  -> (artifact id: 'f33de990fc789b2dea11c09f5298b1bf') in 0.020680 seconds 
========================================================================
Received Import Request.
  Time since last request: 5.369580 seconds.
  path: Assets/Assets/Modular Castle/Assets/prefabs2/prefabs/stairs1.prefab
  artifactKey: Guid(996c5ca3ae0ceae41aeba2b1f9f7ec9d) Importer(815301076,1909f56bfc062723c751e8b465ee728b)
Start importing Assets/Assets/Modular Castle/Assets/prefabs2/prefabs/stairs1.prefab using Guid(996c5ca3ae0ceae41aeba2b1f9f7ec9d) Importer(815301076,1909f56bfc062723c751e8b465ee728b)  -> (artifact id: '8481612bc33abc289b2090bec0b35664') in 0.017004 seconds 
========================================================================
Received Import Request.
  Time since last request: 10.848519 seconds.
  path: Assets/Assets/Modular Castle/Assets/prefabs2/prefabs/stairs1.prefab
  artifactKey: Guid(996c5ca3ae0ceae41aeba2b1f9f7ec9d) Importer(815301076,1909f56bfc062723c751e8b465ee728b)
Start importing Assets/Assets/Modular Castle/Assets/prefabs2/prefabs/stairs1.prefab using Guid(996c5ca3ae0ceae41aeba2b1f9f7ec9d) Importer(815301076,1909f56bfc062723c751e8b465ee728b)  -> (artifact id: 'ed876f1b895c2091cc94b311cd8a8138') in 0.015262 seconds 
========================================================================
Received Import Request.
  Time since last request: 6.554669 seconds.
  path: Assets/Assets/Modular Castle/Assets/prefabs2/prefabs/stairs1.prefab
  artifactKey: Guid(996c5ca3ae0ceae41aeba2b1f9f7ec9d) Importer(815301076,1909f56bfc062723c751e8b465ee728b)
Start importing Assets/Assets/Modular Castle/Assets/prefabs2/prefabs/stairs1.prefab using Guid(996c5ca3ae0ceae41aeba2b1f9f7ec9d) Importer(815301076,1909f56bfc062723c751e8b465ee728b)  -> (artifact id: '064eedf09027d4b923a73cb80f0d1918') in 0.020387 seconds 
========================================================================
Received Import Request.
  Time since last request: 7.010930 seconds.
  path: Assets/Assets/Modular Castle/Assets/prefabs2/prefabs/stairs1.prefab
  artifactKey: Guid(996c5ca3ae0ceae41aeba2b1f9f7ec9d) Importer(815301076,1909f56bfc062723c751e8b465ee728b)
Start importing Assets/Assets/Modular Castle/Assets/prefabs2/prefabs/stairs1.prefab using Guid(996c5ca3ae0ceae41aeba2b1f9f7ec9d) Importer(815301076,1909f56bfc062723c751e8b465ee728b)  -> (artifact id: 'a056d0c23b7d956707b6e7c66d8d957c') in 0.015001 seconds 
========================================================================
Received Import Request.
  Time since last request: 5.151586 seconds.
  path: Assets/Assets/Modular Castle/Assets/prefabs2/prefabs/stairs1.prefab
  artifactKey: Guid(996c5ca3ae0ceae41aeba2b1f9f7ec9d) Importer(815301076,1909f56bfc062723c751e8b465ee728b)
Start importing Assets/Assets/Modular Castle/Assets/prefabs2/prefabs/stairs1.prefab using Guid(996c5ca3ae0ceae41aeba2b1f9f7ec9d) Importer(815301076,1909f56bfc062723c751e8b465ee728b)  -> (artifact id: 'a5ea1c90a2bde104be50e7e0312141a7') in 0.021286 seconds 
========================================================================
Received Import Request.
  Time since last request: 4.090817 seconds.
  path: Assets/Assets/Modular Castle/Assets/prefabs2/prefabs/stairs1.prefab
  artifactKey: Guid(996c5ca3ae0ceae41aeba2b1f9f7ec9d) Importer(815301076,1909f56bfc062723c751e8b465ee728b)
Start importing Assets/Assets/Modular Castle/Assets/prefabs2/prefabs/stairs1.prefab using Guid(996c5ca3ae0ceae41aeba2b1f9f7ec9d) Importer(815301076,1909f56bfc062723c751e8b465ee728b)  -> (artifact id: 'f3b546160eac96c99059a5a4dcc001bc') in 0.016654 seconds 
========================================================================
Received Import Request.
  Time since last request: 2.228470 seconds.
  path: Assets/Assets/Modular Castle/Assets/prefabs2/prefabs/stairs1.prefab
  artifactKey: Guid(996c5ca3ae0ceae41aeba2b1f9f7ec9d) Importer(815301076,1909f56bfc062723c751e8b465ee728b)
Start importing Assets/Assets/Modular Castle/Assets/prefabs2/prefabs/stairs1.prefab using Guid(996c5ca3ae0ceae41aeba2b1f9f7ec9d) Importer(815301076,1909f56bfc062723c751e8b465ee728b)  -> (artifact id: '7780eb2df5a6660edd75b08f669e10ee') in 0.015151 seconds 
========================================================================
Received Import Request.
  Time since last request: 4.720000 seconds.
  path: Assets/Assets/Modular Castle/Assets/prefabs2/prefabs/stairs1.prefab
  artifactKey: Guid(996c5ca3ae0ceae41aeba2b1f9f7ec9d) Importer(815301076,1909f56bfc062723c751e8b465ee728b)
Start importing Assets/Assets/Modular Castle/Assets/prefabs2/prefabs/stairs1.prefab using Guid(996c5ca3ae0ceae41aeba2b1f9f7ec9d) Importer(815301076,1909f56bfc062723c751e8b465ee728b)  -> (artifact id: '095e800d053013e416e9e0c0d46df004') in 0.017525 seconds 
========================================================================
Received Import Request.
  Time since last request: 6.790529 seconds.
  path: Assets/Assets/Modular Castle/Assets/prefabs2/prefabs/stairs1.prefab
  artifactKey: Guid(996c5ca3ae0ceae41aeba2b1f9f7ec9d) Importer(815301076,1909f56bfc062723c751e8b465ee728b)
Start importing Assets/Assets/Modular Castle/Assets/prefabs2/prefabs/stairs1.prefab using Guid(996c5ca3ae0ceae41aeba2b1f9f7ec9d) Importer(815301076,1909f56bfc062723c751e8b465ee728b)  -> (artifact id: '0a591ddd42a85eca010cbfc5939f95ff') in 0.019070 seconds 
========================================================================
Received Import Request.
  Time since last request: 9.394546 seconds.
  path: Assets/Assets/Modular Castle/Assets/prefabs2/prefabs/stairs1.prefab
  artifactKey: Guid(996c5ca3ae0ceae41aeba2b1f9f7ec9d) Importer(815301076,1909f56bfc062723c751e8b465ee728b)
Start importing Assets/Assets/Modular Castle/Assets/prefabs2/prefabs/stairs1.prefab using Guid(996c5ca3ae0ceae41aeba2b1f9f7ec9d) Importer(815301076,1909f56bfc062723c751e8b465ee728b)  -> (artifact id: 'd38eb4aae53ef39cf866e2b2766545d9') in 0.013326 seconds 
========================================================================
Received Import Request.
  Time since last request: 6.883882 seconds.
  path: Assets/Assets/Modular Castle/Assets/prefabs2/prefabs/stairs1.prefab
  artifactKey: Guid(996c5ca3ae0ceae41aeba2b1f9f7ec9d) Importer(815301076,1909f56bfc062723c751e8b465ee728b)
Start importing Assets/Assets/Modular Castle/Assets/prefabs2/prefabs/stairs1.prefab using Guid(996c5ca3ae0ceae41aeba2b1f9f7ec9d) Importer(815301076,1909f56bfc062723c751e8b465ee728b)  -> (artifact id: '7c3ccc6b11a9930c3b7f476802ec570a') in 0.014585 seconds 
========================================================================
Received Import Request.
  Time since last request: 6.027481 seconds.
  path: Assets/Assets/Modular Castle/Assets/prefabs2/prefabs/floor2.prefab
  artifactKey: Guid(cedd1289634600b4f9df04d76c4c2b4b) Importer(815301076,1909f56bfc062723c751e8b465ee728b)
Start importing Assets/Assets/Modular Castle/Assets/prefabs2/prefabs/floor2.prefab using Guid(cedd1289634600b4f9df04d76c4c2b4b) Importer(815301076,1909f56bfc062723c751e8b465ee728b)  -> (artifact id: 'f7d2fb0a2d80a527cfe838b63a776fcb') in 0.014061 seconds 
========================================================================
Received Import Request.
  Time since last request: 90.360756 seconds.
  path: Assets/Assets/Modular Castle/Assets/prefabs2/prefabs/stairs1.prefab
  artifactKey: Guid(996c5ca3ae0ceae41aeba2b1f9f7ec9d) Importer(815301076,1909f56bfc062723c751e8b465ee728b)
Start importing Assets/Assets/Modular Castle/Assets/prefabs2/prefabs/stairs1.prefab using Guid(996c5ca3ae0ceae41aeba2b1f9f7ec9d) Importer(815301076,1909f56bfc062723c751e8b465ee728b)  -> (artifact id: '984a1e25fdf54cdd203b99b08f852c64') in 0.015399 seconds 
========================================================================
Received Import Request.
  Time since last request: 4.795496 seconds.
  path: Assets/Assets/Modular Castle/Assets/prefabs2/prefabs/stairs2.prefab
  artifactKey: Guid(9c11641965d5281408e69c5082c13c3f) Importer(815301076,1909f56bfc062723c751e8b465ee728b)
Start importing Assets/Assets/Modular Castle/Assets/prefabs2/prefabs/stairs2.prefab using Guid(9c11641965d5281408e69c5082c13c3f) Importer(815301076,1909f56bfc062723c751e8b465ee728b)  -> (artifact id: 'bb9241d705985c86ff280fcc72c8c479') in 0.018207 seconds 
========================================================================
Received Import Request.
  Time since last request: 1.620212 seconds.
  path: Assets/Assets/Modular Castle/Assets/prefabs2/prefabs/stairs2.prefab
  artifactKey: Guid(9c11641965d5281408e69c5082c13c3f) Importer(815301076,1909f56bfc062723c751e8b465ee728b)
Start importing Assets/Assets/Modular Castle/Assets/prefabs2/prefabs/stairs2.prefab using Guid(9c11641965d5281408e69c5082c13c3f) Importer(815301076,1909f56bfc062723c751e8b465ee728b)  -> (artifact id: '1e0d6112a5f28387c6b6393456244ea7') in 0.017066 seconds 
========================================================================
Received Prepare
Registering precompiled user dll's ...
Registered in 0.010494 seconds.
Begin MonoManager ReloadAssembly
Symbol file LoadedFromMemory doesn't match image C:\Users\user\OneDrive\바탕 화면\깃허브 레포지터리\CG_HW2_CJU\CG_HW2_CJU\Library\PackageCache\com.unity.visualscripting@1.7.8\Editor\VisualScripting.Core\Dependencies\YamlDotNet\Unity.VisualScripting.YamlDotNet.dll
Symbol file LoadedFromMemory doesn't match image C:\Users\user\OneDrive\바탕 화면\깃허브 레포지터리\CG_HW2_CJU\CG_HW2_CJU\Library\PackageCache\com.unity.visualscripting@1.7.8\Editor\VisualScripting.Core\Dependencies\DotNetZip\Unity.VisualScripting.IonicZip.dll
Native extension for WindowsStandalone target not found
Refreshing native plugins compatible for Editor in 0.50 ms, found 3 plugins.
Preloading 0 native plugins for Editor in 0.00 ms.
Mono: successfully reloaded assembly
- Completed reload, in  1.023 seconds
Domain Reload Profiling:
	ReloadAssembly (1023ms)
		BeginReloadAssembly (150ms)
			ExecutionOrderSort (0ms)
			DisableScriptedObjects (5ms)
			BackupInstance (0ms)
			ReleaseScriptingObjects (0ms)
			CreateAndSetChildDomain (31ms)
		EndReloadAssembly (774ms)
			LoadAssemblies (112ms)
			RebuildTransferFunctionScriptingTraits (0ms)
			SetupTypeCache (246ms)
			ReleaseScriptCaches (1ms)
			RebuildScriptCaches (40ms)
			SetupLoadedEditorAssemblies (341ms)
				LogAssemblyErrors (0ms)
				InitializePlatformSupportModulesInManaged (14ms)
				SetLoadedEditorAssemblies (1ms)
				RefreshPlugins (1ms)
				BeforeProcessingInitializeOnLoad (85ms)
				ProcessInitializeOnLoadAttributes (198ms)
				ProcessInitializeOnLoadMethodAttributes (27ms)
				AfterProcessingInitializeOnLoad (16ms)
				EditorAssembliesLoaded (0ms)
			ExecutionOrderSort2 (0ms)
			AwakeInstancesAfterBackupRestoration (13ms)
Platform modules already initialized, skipping
Refreshing native plugins compatible for Editor in 3.12 ms, found 3 plugins.
Preloading 0 native plugins for Editor in 0.00 ms.
Unloading 3372 Unused Serialized files (Serialized files now loaded: 0)
Unloading 20 unused Assets / (82.9 KB). Loaded Objects now: 3899.
Memory consumption went from 154.6 MB to 154.5 MB.
Total: 2.368300 ms (FindLiveObjects: 0.243600 ms CreateObjectMapping: 0.160500 ms MarkObjects: 1.866600 ms  DeleteObjects: 0.096700 ms)

AssetImportParameters requested are different than current active one (requested -> active):
  custom:video-decoder-ogg-theora: a1e56fd34408186e4bbccfd4996cb3dc -> 
  custom:container-muxer-webm: aa71ff27fc2769a1b78a27578f13a17b -> 
  custom:container-demuxer-webm: 4f35f7cbe854078d1ac9338744f61a02 -> 
  custom:video-encoder-webm-vp8: eb34c28f22e8b96e1ab97ce403110664 -> 
  custom:audio-encoder-webm-vorbis: bf7c407c2cedff20999df2af8eb42d56 -> 
  custom:framework-win-MediaFoundation: 216162199b28c13a410421893ffa2e32 -> 
  custom:container-demuxer-ogg: 62fdf1f143b41e24485cea50d1cbac27 -> 
  custom:video-decoder-webm-vp8: 9c59270c3fd7afecdb556c50c9e8de78 -> 
  custom:audio-decoder-ogg-vorbis: bf7c407c2cedff20999df2af8eb42d56 -> 
========================================================================
Received Import Request.
  Time since last request: 75.359984 seconds.
  path: Assets/Prefabs/Player.prefab
  artifactKey: Guid(f6ac05d55bf47b64ebbcca1138380b36) Importer(815301076,1909f56bfc062723c751e8b465ee728b)
Start importing Assets/Prefabs/Player.prefab using Guid(f6ac05d55bf47b64ebbcca1138380b36) Importer(815301076,1909f56bfc062723c751e8b465ee728b)  -> (artifact id: '944644df773158ddf18f22f3aa159af0') in 0.166337 seconds 
========================================================================
Received Prepare
Registering precompiled user dll's ...
Registered in 0.010833 seconds.
Begin MonoManager ReloadAssembly
Symbol file LoadedFromMemory doesn't match image C:\Users\user\OneDrive\바탕 화면\깃허브 레포지터리\CG_HW2_CJU\CG_HW2_CJU\Library\PackageCache\com.unity.visualscripting@1.7.8\Editor\VisualScripting.Core\Dependencies\YamlDotNet\Unity.VisualScripting.YamlDotNet.dll
Symbol file LoadedFromMemory doesn't match image C:\Users\user\OneDrive\바탕 화면\깃허브 레포지터리\CG_HW2_CJU\CG_HW2_CJU\Library\PackageCache\com.unity.visualscripting@1.7.8\Editor\VisualScripting.Core\Dependencies\DotNetZip\Unity.VisualScripting.IonicZip.dll
Native extension for WindowsStandalone target not found
Refreshing native plugins compatible for Editor in 0.64 ms, found 3 plugins.
Preloading 0 native plugins for Editor in 0.00 ms.
Mono: successfully reloaded assembly
- Completed reload, in  1.010 seconds
Domain Reload Profiling:
	ReloadAssembly (1011ms)
		BeginReloadAssembly (150ms)
			ExecutionOrderSort (0ms)
			DisableScriptedObjects (4ms)
			BackupInstance (0ms)
			ReleaseScriptingObjects (0ms)
			CreateAndSetChildDomain (31ms)
		EndReloadAssembly (762ms)
			LoadAssemblies (114ms)
			RebuildTransferFunctionScriptingTraits (0ms)
			SetupTypeCache (235ms)
			ReleaseScriptCaches (1ms)
			RebuildScriptCaches (43ms)
			SetupLoadedEditorAssemblies (339ms)
				LogAssemblyErrors (0ms)
				InitializePlatformSupportModulesInManaged (14ms)
				SetLoadedEditorAssemblies (0ms)
				RefreshPlugins (1ms)
				BeforeProcessingInitializeOnLoad (84ms)
				ProcessInitializeOnLoadAttributes (196ms)
				ProcessInitializeOnLoadMethodAttributes (28ms)
				AfterProcessingInitializeOnLoad (15ms)
				EditorAssembliesLoaded (0ms)
			ExecutionOrderSort2 (0ms)
			AwakeInstancesAfterBackupRestoration (13ms)
Platform modules already initialized, skipping
Refreshing native plugins compatible for Editor in 2.97 ms, found 3 plugins.
Preloading 0 native plugins for Editor in 0.00 ms.
Unloading 3372 Unused Serialized files (Serialized files now loaded: 0)
Unloading 21 unused Assets / (83.7 KB). Loaded Objects now: 3902.
Memory consumption went from 154.6 MB to 154.5 MB.
Total: 2.662800 ms (FindLiveObjects: 0.295300 ms CreateObjectMapping: 0.201600 ms MarkObjects: 2.061800 ms  DeleteObjects: 0.103000 ms)

AssetImportParameters requested are different than current active one (requested -> active):
  custom:video-decoder-ogg-theora: a1e56fd34408186e4bbccfd4996cb3dc -> 
  custom:container-muxer-webm: aa71ff27fc2769a1b78a27578f13a17b -> 
  custom:container-demuxer-webm: 4f35f7cbe854078d1ac9338744f61a02 -> 
  custom:video-encoder-webm-vp8: eb34c28f22e8b96e1ab97ce403110664 -> 
  custom:audio-encoder-webm-vorbis: bf7c407c2cedff20999df2af8eb42d56 -> 
  custom:framework-win-MediaFoundation: 216162199b28c13a410421893ffa2e32 -> 
  custom:container-demuxer-ogg: 62fdf1f143b41e24485cea50d1cbac27 -> 
  custom:video-decoder-webm-vp8: 9c59270c3fd7afecdb556c50c9e8de78 -> 
  custom:audio-decoder-ogg-vorbis: bf7c407c2cedff20999df2af8eb42d56 -> 
