Using pre-set license
Built from '2021.3/staging' branch; Version is '2021.3.5f1 (40eb3a945986) revision 4254522'; Using compiler version '192829333'; Build Type 'Release'
OS: 'Windows 10  (10.0.19044) 64bit Professional' Language: 'ko' Physical Memory: 32706 MB
BatchMode: 1, IsHumanControllingUs: 0, StartBugReporterOnCrash: 0, Is64bit: 1, IsPro: 1

COMMAND LINE ARGUMENTS:
C:\2021.3.5f1\Editor\Unity.exe
-adb2
-batchMode
-noUpm
-name
AssetImportWorker6
-projectPath
C:/Users/user/OneDrive/바탕 화면/깃허브 레포지터리/CG_HW2_CJU/CG_HW2_CJU
-logFile
Logs/AssetImportWorker6.log
-srvPort
56585
Successfully changed project path to: C:/Users/user/OneDrive/바탕 화면/깃허브 레포지터리/CG_HW2_CJU/CG_HW2_CJU
C:/Users/user/OneDrive/바탕 화면/깃허브 레포지터리/CG_HW2_CJU/CG_HW2_CJU
[UnityMemory] Configuration Parameters - Can be set up in boot.config
    "memorysetup-bucket-allocator-granularity=16"
    "memorysetup-bucket-allocator-bucket-count=8"
    "memorysetup-bucket-allocator-block-size=33554432"
    "memorysetup-bucket-allocator-block-count=8"
    "memorysetup-main-allocator-block-size=16777216"
    "memorysetup-thread-allocator-block-size=16777216"
    "memorysetup-gfx-main-allocator-block-size=16777216"
    "memorysetup-gfx-thread-allocator-block-size=16777216"
    "memorysetup-cache-allocator-block-size=4194304"
    "memorysetup-typetree-allocator-block-size=2097152"
    "memorysetup-profiler-bucket-allocator-granularity=16"
    "memorysetup-profiler-bucket-allocator-bucket-count=8"
    "memorysetup-profiler-bucket-allocator-block-size=33554432"
    "memorysetup-profiler-bucket-allocator-block-count=8"
    "memorysetup-profiler-allocator-block-size=16777216"
    "memorysetup-profiler-editor-allocator-block-size=1048576"
    "memorysetup-temp-allocator-size-main=16777216"
    "memorysetup-job-temp-allocator-block-size=2097152"
    "memorysetup-job-temp-allocator-block-size-background=1048576"
    "memorysetup-job-temp-allocator-reduction-small-platforms=262144"
    "memorysetup-temp-allocator-size-background-worker=32768"
    "memorysetup-temp-allocator-size-job-worker=262144"
    "memorysetup-temp-allocator-size-preload-manager=33554432"
    "memorysetup-temp-allocator-size-nav-mesh-worker=65536"
    "memorysetup-temp-allocator-size-audio-worker=65536"
    "memorysetup-temp-allocator-size-cloud-worker=32768"
    "memorysetup-temp-allocator-size-gi-baking-worker=262144"
    "memorysetup-temp-allocator-size-gfx=262144"
Refreshing native plugins compatible for Editor in 77.40 ms, found 3 plugins.
Preloading 0 native plugins for Editor in 0.00 ms.
Initialize engine version: 2021.3.5f1 (40eb3a945986)
[Subsystems] Discovering subsystems at path C:/2021.3.5f1/Editor/Data/Resources/UnitySubsystems
[Subsystems] Discovering subsystems at path C:/Users/user/OneDrive/바탕 화면/깃허브 레포지터리/CG_HW2_CJU/CG_HW2_CJU/Assets
GfxDevice: creating device client; threaded=0; jobified=0
Direct3D:
    Version:  Direct3D 11.0 [level 11.1]
    Renderer: NVIDIA GeForce RTX 3060 Ti (ID=0x2486)
    Vendor:   NVIDIA
    VRAM:     8038 MB
    Driver:   31.0.15.2647
Initialize mono
Mono path[0] = 'C:/2021.3.5f1/Editor/Data/Managed'
Mono path[1] = 'C:/2021.3.5f1/Editor/Data/MonoBleedingEdge/lib/mono/unityjit-win32'
Mono config path = 'C:/2021.3.5f1/Editor/Data/MonoBleedingEdge/etc'
Using monoOptions --debugger-agent=transport=dt_socket,embedding=1,server=y,suspend=n,address=127.0.0.1:56936
Begin MonoManager ReloadAssembly
Registering precompiled unity dll's ...
Register platform support module: C:/2021.3.5f1/Editor/Data/PlaybackEngines/WindowsStandaloneSupport/UnityEditor.WindowsStandalone.Extensions.dll
Registered in 0.007948 seconds.
Native extension for WindowsStandalone target not found
Refreshing native plugins compatible for Editor in 74.14 ms, found 3 plugins.
Preloading 0 native plugins for Editor in 0.00 ms.
Mono: successfully reloaded assembly
- Completed reload, in  0.621 seconds
Domain Reload Profiling:
	ReloadAssembly (622ms)
		BeginReloadAssembly (95ms)
			ExecutionOrderSort (0ms)
			DisableScriptedObjects (0ms)
			BackupInstance (0ms)
			ReleaseScriptingObjects (0ms)
			CreateAndSetChildDomain (1ms)
		EndReloadAssembly (413ms)
			LoadAssemblies (90ms)
			RebuildTransferFunctionScriptingTraits (0ms)
			SetupTypeCache (94ms)
			ReleaseScriptCaches (0ms)
			RebuildScriptCaches (26ms)
			SetupLoadedEditorAssemblies (241ms)
				LogAssemblyErrors (0ms)
				InitializePlatformSupportModulesInManaged (8ms)
				SetLoadedEditorAssemblies (0ms)
				RefreshPlugins (74ms)
				BeforeProcessingInitializeOnLoad (1ms)
				ProcessInitializeOnLoadAttributes (111ms)
				ProcessInitializeOnLoadMethodAttributes (46ms)
				AfterProcessingInitializeOnLoad (0ms)
				EditorAssembliesLoaded (0ms)
			ExecutionOrderSort2 (0ms)
			AwakeInstancesAfterBackupRestoration (0ms)
Platform modules already initialized, skipping
Registering precompiled user dll's ...
Registered in 0.011331 seconds.
Begin MonoManager ReloadAssembly
Symbol file LoadedFromMemory doesn't match image C:\Users\user\OneDrive\바탕 화면\깃허브 레포지터리\CG_HW2_CJU\CG_HW2_CJU\Library\PackageCache\com.unity.visualscripting@1.7.8\Editor\VisualScripting.Core\Dependencies\YamlDotNet\Unity.VisualScripting.YamlDotNet.dll
Symbol file LoadedFromMemory doesn't match image C:\Users\user\OneDrive\바탕 화면\깃허브 레포지터리\CG_HW2_CJU\CG_HW2_CJU\Library\PackageCache\com.unity.visualscripting@1.7.8\Editor\VisualScripting.Core\Dependencies\DotNetZip\Unity.VisualScripting.IonicZip.dll
Native extension for WindowsStandalone target not found
Refreshing native plugins compatible for Editor in 0.53 ms, found 3 plugins.
Preloading 0 native plugins for Editor in 0.00 ms.
Mono: successfully reloaded assembly
- Completed reload, in  1.070 seconds
Domain Reload Profiling:
	ReloadAssembly (1071ms)
		BeginReloadAssembly (131ms)
			ExecutionOrderSort (0ms)
			DisableScriptedObjects (5ms)
			BackupInstance (0ms)
			ReleaseScriptingObjects (0ms)
			CreateAndSetChildDomain (17ms)
		EndReloadAssembly (817ms)
			LoadAssemblies (126ms)
			RebuildTransferFunctionScriptingTraits (0ms)
			SetupTypeCache (239ms)
			ReleaseScriptCaches (1ms)
			RebuildScriptCaches (47ms)
			SetupLoadedEditorAssemblies (384ms)
				LogAssemblyErrors (0ms)
				InitializePlatformSupportModulesInManaged (6ms)
				SetLoadedEditorAssemblies (0ms)
				RefreshPlugins (1ms)
				BeforeProcessingInitializeOnLoad (107ms)
				ProcessInitializeOnLoadAttributes (228ms)
				ProcessInitializeOnLoadMethodAttributes (26ms)
				AfterProcessingInitializeOnLoad (16ms)
				EditorAssembliesLoaded (0ms)
			ExecutionOrderSort2 (0ms)
			AwakeInstancesAfterBackupRestoration (12ms)
Platform modules already initialized, skipping
========================================================================
Worker process is ready to serve import requests
Launched and connected shader compiler UnityShaderCompiler.exe after 0.05 seconds
Refreshing native plugins compatible for Editor in 0.55 ms, found 3 plugins.
Preloading 0 native plugins for Editor in 0.00 ms.
Unloading 3391 Unused Serialized files (Serialized files now loaded: 0)
Unloading 27 unused Assets / (113.1 KB). Loaded Objects now: 3881.
Memory consumption went from 140.7 MB to 140.6 MB.
Total: 2.673600 ms (FindLiveObjects: 0.264600 ms CreateObjectMapping: 0.233000 ms MarkObjects: 2.059000 ms  DeleteObjects: 0.116100 ms)

AssetImportParameters requested are different than current active one (requested -> active):
  custom:video-decoder-ogg-theora: a1e56fd34408186e4bbccfd4996cb3dc -> 
  custom:container-muxer-webm: aa71ff27fc2769a1b78a27578f13a17b -> 
  custom:container-demuxer-webm: 4f35f7cbe854078d1ac9338744f61a02 -> 
  custom:video-encoder-webm-vp8: eb34c28f22e8b96e1ab97ce403110664 -> 
  custom:audio-encoder-webm-vorbis: bf7c407c2cedff20999df2af8eb42d56 -> 
  custom:framework-win-MediaFoundation: 216162199b28c13a410421893ffa2e32 -> 
  custom:container-demuxer-ogg: 62fdf1f143b41e24485cea50d1cbac27 -> 
  custom:video-decoder-webm-vp8: 9c59270c3fd7afecdb556c50c9e8de78 -> 
  custom:audio-decoder-ogg-vorbis: bf7c407c2cedff20999df2af8eb42d56 -> 
========================================================================
Received Import Request.
  Time since last request: 433352.199166 seconds.
  path: Assets/Assets/Toby Fredson/Dwarven Expedition Pack - Stylized Assets/Models/WallPropsBottomB_ST.fbx
  artifactKey: Guid(b02adadd5bc61b24db65519981458219) Importer(815301076,1909f56bfc062723c751e8b465ee728b)
Start importing Assets/Assets/Toby Fredson/Dwarven Expedition Pack - Stylized Assets/Models/WallPropsBottomB_ST.fbx using Guid(b02adadd5bc61b24db65519981458219) Importer(815301076,1909f56bfc062723c751e8b465ee728b)  -> (artifact id: 'e3407108c07f74cecc8d2148862ac311') in 0.199848 seconds 
========================================================================
Received Prepare
Refreshing native plugins compatible for Editor in 9.27 ms, found 3 plugins.
Preloading 0 native plugins for Editor in 0.00 ms.
Unloading 20 Unused Serialized files (Serialized files now loaded: 0)
Unloading 20 unused Assets / (79.9 KB). Loaded Objects now: 3892.
Memory consumption went from 76.8 MB to 76.7 MB.
Total: 5.766500 ms (FindLiveObjects: 0.484700 ms CreateObjectMapping: 0.486100 ms MarkObjects: 4.608900 ms  DeleteObjects: 0.185100 ms)

AssetImportParameters requested are different than current active one (requested -> active):
  custom:video-decoder-ogg-theora: a1e56fd34408186e4bbccfd4996cb3dc -> 
  custom:container-muxer-webm: aa71ff27fc2769a1b78a27578f13a17b -> 
  custom:container-demuxer-webm: 4f35f7cbe854078d1ac9338744f61a02 -> 
  custom:video-encoder-webm-vp8: eb34c28f22e8b96e1ab97ce403110664 -> 
  custom:audio-encoder-webm-vorbis: bf7c407c2cedff20999df2af8eb42d56 -> 
  custom:framework-win-MediaFoundation: 216162199b28c13a410421893ffa2e32 -> 
  custom:container-demuxer-ogg: 62fdf1f143b41e24485cea50d1cbac27 -> 
  custom:video-decoder-webm-vp8: 9c59270c3fd7afecdb556c50c9e8de78 -> 
  custom:audio-decoder-ogg-vorbis: bf7c407c2cedff20999df2af8eb42d56 -> 
========================================================================
Received Import Request.
  Time since last request: 161.113814 seconds.
  path: Assets/Prefabs/Player.prefab
  artifactKey: Guid(f6ac05d55bf47b64ebbcca1138380b36) Importer(815301076,1909f56bfc062723c751e8b465ee728b)
Start importing Assets/Prefabs/Player.prefab using Guid(f6ac05d55bf47b64ebbcca1138380b36) Importer(815301076,1909f56bfc062723c751e8b465ee728b)  -> (artifact id: 'f0363f503fef0be75188c780613454ac') in 0.145420 seconds 
========================================================================
Received Import Request.
  Time since last request: 1.254837 seconds.
  path: Assets/Assets/WizardMonster/Prefabs/with weapon/wizard_weapon_macanim DEMO.prefab
  artifactKey: Guid(3c9c8a8bf50e6b5439ab9db67bc82586) Importer(815301076,1909f56bfc062723c751e8b465ee728b)
Start importing Assets/Assets/WizardMonster/Prefabs/with weapon/wizard_weapon_macanim DEMO.prefab using Guid(3c9c8a8bf50e6b5439ab9db67bc82586) Importer(815301076,1909f56bfc062723c751e8b465ee728b)  -> (artifact id: '4851e3be6a5a3d7d336875cbcc01702f') in 1.053403 seconds 
========================================================================
Received Import Request.
  Time since last request: 54.390417 seconds.
  path: Assets/Scenes/Stage2.unity
  artifactKey: Guid(9fc0d4010bbf28b4594072e72b8655ab) Importer(815301076,1909f56bfc062723c751e8b465ee728b)
Start importing Assets/Scenes/Stage2.unity using Guid(9fc0d4010bbf28b4594072e72b8655ab) Importer(815301076,1909f56bfc062723c751e8b465ee728b)  -> (artifact id: '98a5b43880124a8a603b826a7c9d421b') in 0.005942 seconds 
========================================================================
Received Import Request.
  Time since last request: 13.954907 seconds.
  path: Assets/Scenes/Stage3.unity
  artifactKey: Guid(0f30b31df1c21274da0aa193ec9e46e6) Importer(815301076,1909f56bfc062723c751e8b465ee728b)
Start importing Assets/Scenes/Stage3.unity using Guid(0f30b31df1c21274da0aa193ec9e46e6) Importer(815301076,1909f56bfc062723c751e8b465ee728b)  -> (artifact id: '79f631d1b51f03b0898371850c9dca31') in 0.005971 seconds 
========================================================================
Received Prepare
Registering precompiled user dll's ...
Registered in 0.010953 seconds.
Begin MonoManager ReloadAssembly
Symbol file LoadedFromMemory doesn't match image C:\Users\user\OneDrive\바탕 화면\깃허브 레포지터리\CG_HW2_CJU\CG_HW2_CJU\Library\PackageCache\com.unity.visualscripting@1.7.8\Editor\VisualScripting.Core\Dependencies\YamlDotNet\Unity.VisualScripting.YamlDotNet.dll
Symbol file LoadedFromMemory doesn't match image C:\Users\user\OneDrive\바탕 화면\깃허브 레포지터리\CG_HW2_CJU\CG_HW2_CJU\Library\PackageCache\com.unity.visualscripting@1.7.8\Editor\VisualScripting.Core\Dependencies\DotNetZip\Unity.VisualScripting.IonicZip.dll
Native extension for WindowsStandalone target not found
Refreshing native plugins compatible for Editor in 0.56 ms, found 3 plugins.
Preloading 0 native plugins for Editor in 0.00 ms.
Mono: successfully reloaded assembly
- Completed reload, in  1.046 seconds
Domain Reload Profiling:
	ReloadAssembly (1047ms)
		BeginReloadAssembly (155ms)
			ExecutionOrderSort (0ms)
			DisableScriptedObjects (5ms)
			BackupInstance (0ms)
			ReleaseScriptingObjects (0ms)
			CreateAndSetChildDomain (35ms)
		EndReloadAssembly (786ms)
			LoadAssemblies (121ms)
			RebuildTransferFunctionScriptingTraits (0ms)
			SetupTypeCache (247ms)
			ReleaseScriptCaches (1ms)
			RebuildScriptCaches (39ms)
			SetupLoadedEditorAssemblies (344ms)
				LogAssemblyErrors (0ms)
				InitializePlatformSupportModulesInManaged (14ms)
				SetLoadedEditorAssemblies (0ms)
				RefreshPlugins (1ms)
				BeforeProcessingInitializeOnLoad (86ms)
				ProcessInitializeOnLoadAttributes (199ms)
				ProcessInitializeOnLoadMethodAttributes (28ms)
				AfterProcessingInitializeOnLoad (16ms)
				EditorAssembliesLoaded (0ms)
			ExecutionOrderSort2 (0ms)
			AwakeInstancesAfterBackupRestoration (13ms)
Platform modules already initialized, skipping
Refreshing native plugins compatible for Editor in 3.01 ms, found 3 plugins.
Preloading 0 native plugins for Editor in 0.00 ms.
Unloading 3385 Unused Serialized files (Serialized files now loaded: 0)
Unloading 25 unused Assets / (84.4 KB). Loaded Objects now: 3895.
Memory consumption went from 158.1 MB to 158.0 MB.
Total: 2.858500 ms (FindLiveObjects: 0.263700 ms CreateObjectMapping: 0.263600 ms MarkObjects: 2.189700 ms  DeleteObjects: 0.140400 ms)

AssetImportParameters requested are different than current active one (requested -> active):
  custom:video-decoder-ogg-theora: a1e56fd34408186e4bbccfd4996cb3dc -> 
  custom:container-muxer-webm: aa71ff27fc2769a1b78a27578f13a17b -> 
  custom:container-demuxer-webm: 4f35f7cbe854078d1ac9338744f61a02 -> 
  custom:video-encoder-webm-vp8: eb34c28f22e8b96e1ab97ce403110664 -> 
  custom:audio-encoder-webm-vorbis: bf7c407c2cedff20999df2af8eb42d56 -> 
  custom:framework-win-MediaFoundation: 216162199b28c13a410421893ffa2e32 -> 
  custom:container-demuxer-ogg: 62fdf1f143b41e24485cea50d1cbac27 -> 
  custom:video-decoder-webm-vp8: 9c59270c3fd7afecdb556c50c9e8de78 -> 
  custom:audio-decoder-ogg-vorbis: bf7c407c2cedff20999df2af8eb42d56 -> 
========================================================================
Received Prepare
Registering precompiled user dll's ...
Registered in 0.010582 seconds.
Begin MonoManager ReloadAssembly
Symbol file LoadedFromMemory doesn't match image C:\Users\user\OneDrive\바탕 화면\깃허브 레포지터리\CG_HW2_CJU\CG_HW2_CJU\Library\PackageCache\com.unity.visualscripting@1.7.8\Editor\VisualScripting.Core\Dependencies\YamlDotNet\Unity.VisualScripting.YamlDotNet.dll
Symbol file LoadedFromMemory doesn't match image C:\Users\user\OneDrive\바탕 화면\깃허브 레포지터리\CG_HW2_CJU\CG_HW2_CJU\Library\PackageCache\com.unity.visualscripting@1.7.8\Editor\VisualScripting.Core\Dependencies\DotNetZip\Unity.VisualScripting.IonicZip.dll
Native extension for WindowsStandalone target not found
Refreshing native plugins compatible for Editor in 0.71 ms, found 3 plugins.
Preloading 0 native plugins for Editor in 0.00 ms.
Mono: successfully reloaded assembly
- Completed reload, in  1.061 seconds
Domain Reload Profiling:
	ReloadAssembly (1062ms)
		BeginReloadAssembly (155ms)
			ExecutionOrderSort (0ms)
			DisableScriptedObjects (6ms)
			BackupInstance (0ms)
			ReleaseScriptingObjects (0ms)
			CreateAndSetChildDomain (31ms)
		EndReloadAssembly (804ms)
			LoadAssemblies (118ms)
			RebuildTransferFunctionScriptingTraits (0ms)
			SetupTypeCache (263ms)
			ReleaseScriptCaches (1ms)
			RebuildScriptCaches (42ms)
			SetupLoadedEditorAssemblies (350ms)
				LogAssemblyErrors (0ms)
				InitializePlatformSupportModulesInManaged (14ms)
				SetLoadedEditorAssemblies (1ms)
				RefreshPlugins (1ms)
				BeforeProcessingInitializeOnLoad (87ms)
				ProcessInitializeOnLoadAttributes (200ms)
				ProcessInitializeOnLoadMethodAttributes (31ms)
				AfterProcessingInitializeOnLoad (16ms)
				EditorAssembliesLoaded (0ms)
			ExecutionOrderSort2 (0ms)
			AwakeInstancesAfterBackupRestoration (12ms)
Platform modules already initialized, skipping
Refreshing native plugins compatible for Editor in 2.64 ms, found 3 plugins.
Preloading 0 native plugins for Editor in 0.00 ms.
Unloading 3385 Unused Serialized files (Serialized files now loaded: 0)
Unloading 20 unused Assets / (82.6 KB). Loaded Objects now: 3898.
Memory consumption went from 158.1 MB to 158.0 MB.
Total: 2.403500 ms (FindLiveObjects: 0.267100 ms CreateObjectMapping: 0.159200 ms MarkObjects: 1.880200 ms  DeleteObjects: 0.096200 ms)

AssetImportParameters requested are different than current active one (requested -> active):
  custom:video-decoder-ogg-theora: a1e56fd34408186e4bbccfd4996cb3dc -> 
  custom:container-muxer-webm: aa71ff27fc2769a1b78a27578f13a17b -> 
  custom:container-demuxer-webm: 4f35f7cbe854078d1ac9338744f61a02 -> 
  custom:video-encoder-webm-vp8: eb34c28f22e8b96e1ab97ce403110664 -> 
  custom:audio-encoder-webm-vorbis: bf7c407c2cedff20999df2af8eb42d56 -> 
  custom:framework-win-MediaFoundation: 216162199b28c13a410421893ffa2e32 -> 
  custom:container-demuxer-ogg: 62fdf1f143b41e24485cea50d1cbac27 -> 
  custom:video-decoder-webm-vp8: 9c59270c3fd7afecdb556c50c9e8de78 -> 
  custom:audio-decoder-ogg-vorbis: bf7c407c2cedff20999df2af8eb42d56 -> 
========================================================================
Received Import Request.
  Time since last request: 262.526957 seconds.
  path: Assets/Assets/Modular Castle/Assets/prefabs2/wall7.prefab
  artifactKey: Guid(cfe3a621ddd7aee4cb64ee0caa431e12) Importer(815301076,1909f56bfc062723c751e8b465ee728b)
Start importing Assets/Assets/Modular Castle/Assets/prefabs2/wall7.prefab using Guid(cfe3a621ddd7aee4cb64ee0caa431e12) Importer(815301076,1909f56bfc062723c751e8b465ee728b)  -> (artifact id: '02ddad2b4ca0a1283cf219e6e6d8c686') in 0.088231 seconds 
========================================================================
Received Import Request.
  Time since last request: 7.564855 seconds.
  path: Assets/Assets/Modular Castle/Assets/prefabs2/wall2 2.prefab
  artifactKey: Guid(6fb002a65bc74bf46ba6b669a1a59a79) Importer(815301076,1909f56bfc062723c751e8b465ee728b)
Start importing Assets/Assets/Modular Castle/Assets/prefabs2/wall2 2.prefab using Guid(6fb002a65bc74bf46ba6b669a1a59a79) Importer(815301076,1909f56bfc062723c751e8b465ee728b)  -> (artifact id: 'c1aa7d00e0cbffb43971532479a7f5c3') in 0.022802 seconds 
========================================================================
Received Import Request.
  Time since last request: 0.562924 seconds.
  path: Assets/Assets/Modular Castle/Assets/prefabs2/wall2 2.prefab
  artifactKey: Guid(6fb002a65bc74bf46ba6b669a1a59a79) Importer(815301076,1909f56bfc062723c751e8b465ee728b)
Start importing Assets/Assets/Modular Castle/Assets/prefabs2/wall2 2.prefab using Guid(6fb002a65bc74bf46ba6b669a1a59a79) Importer(815301076,1909f56bfc062723c751e8b465ee728b)  -> (artifact id: '6c92bff5adc59db8293738f92706302e') in 0.018989 seconds 
========================================================================
Received Import Request.
  Time since last request: 2.811537 seconds.
  path: Assets/Assets/Modular Castle/Assets/prefabs2/wall2 1.prefab
  artifactKey: Guid(b84cdff1414a1094d995361dae7b91b1) Importer(815301076,1909f56bfc062723c751e8b465ee728b)
Start importing Assets/Assets/Modular Castle/Assets/prefabs2/wall2 1.prefab using Guid(b84cdff1414a1094d995361dae7b91b1) Importer(815301076,1909f56bfc062723c751e8b465ee728b)  -> (artifact id: 'ef57ca19ff0ba3c81d4ff0e97ab5dd5b') in 0.020789 seconds 
========================================================================
Received Prepare
Registering precompiled user dll's ...
Registered in 0.010606 seconds.
Begin MonoManager ReloadAssembly
Symbol file LoadedFromMemory doesn't match image C:\Users\user\OneDrive\바탕 화면\깃허브 레포지터리\CG_HW2_CJU\CG_HW2_CJU\Library\PackageCache\com.unity.visualscripting@1.7.8\Editor\VisualScripting.Core\Dependencies\YamlDotNet\Unity.VisualScripting.YamlDotNet.dll
Symbol file LoadedFromMemory doesn't match image C:\Users\user\OneDrive\바탕 화면\깃허브 레포지터리\CG_HW2_CJU\CG_HW2_CJU\Library\PackageCache\com.unity.visualscripting@1.7.8\Editor\VisualScripting.Core\Dependencies\DotNetZip\Unity.VisualScripting.IonicZip.dll
Native extension for WindowsStandalone target not found
Refreshing native plugins compatible for Editor in 0.60 ms, found 3 plugins.
Preloading 0 native plugins for Editor in 0.00 ms.
Mono: successfully reloaded assembly
- Completed reload, in  1.044 seconds
Domain Reload Profiling:
	ReloadAssembly (1045ms)
		BeginReloadAssembly (155ms)
			ExecutionOrderSort (0ms)
			DisableScriptedObjects (5ms)
			BackupInstance (0ms)
			ReleaseScriptingObjects (0ms)
			CreateAndSetChildDomain (35ms)
		EndReloadAssembly (788ms)
			LoadAssemblies (113ms)
			RebuildTransferFunctionScriptingTraits (0ms)
			SetupTypeCache (251ms)
			ReleaseScriptCaches (1ms)
			RebuildScriptCaches (40ms)
			SetupLoadedEditorAssemblies (349ms)
				LogAssemblyErrors (0ms)
				InitializePlatformSupportModulesInManaged (14ms)
				SetLoadedEditorAssemblies (0ms)
				RefreshPlugins (1ms)
				BeforeProcessingInitializeOnLoad (86ms)
				ProcessInitializeOnLoadAttributes (204ms)
				ProcessInitializeOnLoadMethodAttributes (28ms)
				AfterProcessingInitializeOnLoad (16ms)
				EditorAssembliesLoaded (0ms)
			ExecutionOrderSort2 (0ms)
			AwakeInstancesAfterBackupRestoration (12ms)
Platform modules already initialized, skipping
Refreshing native plugins compatible for Editor in 2.47 ms, found 3 plugins.
Preloading 0 native plugins for Editor in 0.00 ms.
Unloading 3385 Unused Serialized files (Serialized files now loaded: 0)
Unloading 20 unused Assets / (82.6 KB). Loaded Objects now: 3901.
Memory consumption went from 158.1 MB to 158.0 MB.
Total: 2.547600 ms (FindLiveObjects: 0.245500 ms CreateObjectMapping: 0.162700 ms MarkObjects: 2.039500 ms  DeleteObjects: 0.099400 ms)

AssetImportParameters requested are different than current active one (requested -> active):
  custom:video-decoder-ogg-theora: a1e56fd34408186e4bbccfd4996cb3dc -> 
  custom:container-muxer-webm: aa71ff27fc2769a1b78a27578f13a17b -> 
  custom:container-demuxer-webm: 4f35f7cbe854078d1ac9338744f61a02 -> 
  custom:video-encoder-webm-vp8: eb34c28f22e8b96e1ab97ce403110664 -> 
  custom:audio-encoder-webm-vorbis: bf7c407c2cedff20999df2af8eb42d56 -> 
  custom:framework-win-MediaFoundation: 216162199b28c13a410421893ffa2e32 -> 
  custom:container-demuxer-ogg: 62fdf1f143b41e24485cea50d1cbac27 -> 
  custom:video-decoder-webm-vp8: 9c59270c3fd7afecdb556c50c9e8de78 -> 
  custom:audio-decoder-ogg-vorbis: bf7c407c2cedff20999df2af8eb42d56 -> 
========================================================================
Received Prepare
Refreshing native plugins compatible for Editor in 6.86 ms, found 3 plugins.
Preloading 0 native plugins for Editor in 0.00 ms.
Unloading 20 Unused Serialized files (Serialized files now loaded: 0)
Unloading 20 unused Assets / (79.9 KB). Loaded Objects now: 3901.
Memory consumption went from 89.7 MB to 89.6 MB.
Total: 3.490200 ms (FindLiveObjects: 0.247500 ms CreateObjectMapping: 0.170000 ms MarkObjects: 2.984900 ms  DeleteObjects: 0.087100 ms)

AssetImportParameters requested are different than current active one (requested -> active):
  custom:video-decoder-ogg-theora: a1e56fd34408186e4bbccfd4996cb3dc -> 
  custom:container-muxer-webm: aa71ff27fc2769a1b78a27578f13a17b -> 
  custom:container-demuxer-webm: 4f35f7cbe854078d1ac9338744f61a02 -> 
  custom:video-encoder-webm-vp8: eb34c28f22e8b96e1ab97ce403110664 -> 
  custom:audio-encoder-webm-vorbis: bf7c407c2cedff20999df2af8eb42d56 -> 
  custom:framework-win-MediaFoundation: 216162199b28c13a410421893ffa2e32 -> 
  custom:container-demuxer-ogg: 62fdf1f143b41e24485cea50d1cbac27 -> 
  custom:video-decoder-webm-vp8: 9c59270c3fd7afecdb556c50c9e8de78 -> 
  custom:audio-decoder-ogg-vorbis: bf7c407c2cedff20999df2af8eb42d56 -> 
========================================================================
Received Prepare
Refreshing native plugins compatible for Editor in 6.04 ms, found 3 plugins.
Preloading 0 native plugins for Editor in 0.00 ms.
Unloading 20 Unused Serialized files (Serialized files now loaded: 0)
Unloading 20 unused Assets / (79.8 KB). Loaded Objects now: 3901.
Memory consumption went from 89.7 MB to 89.6 MB.
Total: 2.484400 ms (FindLiveObjects: 0.233400 ms CreateObjectMapping: 0.163900 ms MarkObjects: 1.981900 ms  DeleteObjects: 0.104600 ms)

AssetImportParameters requested are different than current active one (requested -> active):
  custom:video-decoder-ogg-theora: a1e56fd34408186e4bbccfd4996cb3dc -> 
  custom:container-muxer-webm: aa71ff27fc2769a1b78a27578f13a17b -> 
  custom:container-demuxer-webm: 4f35f7cbe854078d1ac9338744f61a02 -> 
  custom:video-encoder-webm-vp8: eb34c28f22e8b96e1ab97ce403110664 -> 
  custom:audio-encoder-webm-vorbis: bf7c407c2cedff20999df2af8eb42d56 -> 
  custom:framework-win-MediaFoundation: 216162199b28c13a410421893ffa2e32 -> 
  custom:container-demuxer-ogg: 62fdf1f143b41e24485cea50d1cbac27 -> 
  custom:video-decoder-webm-vp8: 9c59270c3fd7afecdb556c50c9e8de78 -> 
  custom:audio-decoder-ogg-vorbis: bf7c407c2cedff20999df2af8eb42d56 -> 
========================================================================
Received Import Request.
  Time since last request: 346.323480 seconds.
  path: Assets/Scenes/Stage3.unity
  artifactKey: Guid(0f30b31df1c21274da0aa193ec9e46e6) Importer(815301076,1909f56bfc062723c751e8b465ee728b)
Start importing Assets/Scenes/Stage3.unity using Guid(0f30b31df1c21274da0aa193ec9e46e6) Importer(815301076,1909f56bfc062723c751e8b465ee728b)  -> (artifact id: 'a7525186026c45cb05da22dfc1325aac') in 0.004602 seconds 
========================================================================
Received Prepare
Refreshing native plugins compatible for Editor in 6.13 ms, found 3 plugins.
Preloading 0 native plugins for Editor in 0.00 ms.
Unloading 20 Unused Serialized files (Serialized files now loaded: 0)
Unloading 20 unused Assets / (79.8 KB). Loaded Objects now: 3901.
Memory consumption went from 89.7 MB to 89.6 MB.
Total: 2.611200 ms (FindLiveObjects: 0.237200 ms CreateObjectMapping: 0.158400 ms MarkObjects: 2.135200 ms  DeleteObjects: 0.079900 ms)

AssetImportParameters requested are different than current active one (requested -> active):
  custom:video-decoder-ogg-theora: a1e56fd34408186e4bbccfd4996cb3dc -> 
  custom:container-muxer-webm: aa71ff27fc2769a1b78a27578f13a17b -> 
  custom:container-demuxer-webm: 4f35f7cbe854078d1ac9338744f61a02 -> 
  custom:video-encoder-webm-vp8: eb34c28f22e8b96e1ab97ce403110664 -> 
  custom:audio-encoder-webm-vorbis: bf7c407c2cedff20999df2af8eb42d56 -> 
  custom:framework-win-MediaFoundation: 216162199b28c13a410421893ffa2e32 -> 
  custom:container-demuxer-ogg: 62fdf1f143b41e24485cea50d1cbac27 -> 
  custom:video-decoder-webm-vp8: 9c59270c3fd7afecdb556c50c9e8de78 -> 
  custom:audio-decoder-ogg-vorbis: bf7c407c2cedff20999df2af8eb42d56 -> 
========================================================================
Received Prepare
Refreshing native plugins compatible for Editor in 6.57 ms, found 3 plugins.
Preloading 0 native plugins for Editor in 0.00 ms.
Unloading 20 Unused Serialized files (Serialized files now loaded: 0)
Unloading 20 unused Assets / (79.9 KB). Loaded Objects now: 3901.
Memory consumption went from 89.7 MB to 89.6 MB.
Total: 2.478900 ms (FindLiveObjects: 0.232200 ms CreateObjectMapping: 0.142000 ms MarkObjects: 2.013700 ms  DeleteObjects: 0.090500 ms)

AssetImportParameters requested are different than current active one (requested -> active):
  custom:video-decoder-ogg-theora: a1e56fd34408186e4bbccfd4996cb3dc -> 
  custom:container-muxer-webm: aa71ff27fc2769a1b78a27578f13a17b -> 
  custom:container-demuxer-webm: 4f35f7cbe854078d1ac9338744f61a02 -> 
  custom:video-encoder-webm-vp8: eb34c28f22e8b96e1ab97ce403110664 -> 
  custom:audio-encoder-webm-vorbis: bf7c407c2cedff20999df2af8eb42d56 -> 
  custom:framework-win-MediaFoundation: 216162199b28c13a410421893ffa2e32 -> 
  custom:container-demuxer-ogg: 62fdf1f143b41e24485cea50d1cbac27 -> 
  custom:video-decoder-webm-vp8: 9c59270c3fd7afecdb556c50c9e8de78 -> 
  custom:audio-decoder-ogg-vorbis: bf7c407c2cedff20999df2af8eb42d56 -> 
========================================================================
Received Prepare
Registering precompiled user dll's ...
Registered in 0.011315 seconds.
Begin MonoManager ReloadAssembly
Symbol file LoadedFromMemory doesn't match image C:\Users\user\OneDrive\바탕 화면\깃허브 레포지터리\CG_HW2_CJU\CG_HW2_CJU\Library\PackageCache\com.unity.visualscripting@1.7.8\Editor\VisualScripting.Core\Dependencies\YamlDotNet\Unity.VisualScripting.YamlDotNet.dll
Symbol file LoadedFromMemory doesn't match image C:\Users\user\OneDrive\바탕 화면\깃허브 레포지터리\CG_HW2_CJU\CG_HW2_CJU\Library\PackageCache\com.unity.visualscripting@1.7.8\Editor\VisualScripting.Core\Dependencies\DotNetZip\Unity.VisualScripting.IonicZip.dll
Native extension for WindowsStandalone target not found
Refreshing native plugins compatible for Editor in 0.62 ms, found 3 plugins.
Preloading 0 native plugins for Editor in 0.00 ms.
Mono: successfully reloaded assembly
- Completed reload, in  1.067 seconds
Domain Reload Profiling:
	ReloadAssembly (1068ms)
		BeginReloadAssembly (156ms)
			ExecutionOrderSort (0ms)
			DisableScriptedObjects (6ms)
			BackupInstance (0ms)
			ReleaseScriptingObjects (0ms)
			CreateAndSetChildDomain (32ms)
		EndReloadAssembly (794ms)
			LoadAssemblies (124ms)
			RebuildTransferFunctionScriptingTraits (0ms)
			SetupTypeCache (249ms)
			ReleaseScriptCaches (1ms)
			RebuildScriptCaches (40ms)
			SetupLoadedEditorAssemblies (347ms)
				LogAssemblyErrors (0ms)
				InitializePlatformSupportModulesInManaged (14ms)
				SetLoadedEditorAssemblies (1ms)
				RefreshPlugins (1ms)
				BeforeProcessingInitializeOnLoad (87ms)
				ProcessInitializeOnLoadAttributes (202ms)
				ProcessInitializeOnLoadMethodAttributes (27ms)
				AfterProcessingInitializeOnLoad (15ms)
				EditorAssembliesLoaded (0ms)
			ExecutionOrderSort2 (0ms)
			AwakeInstancesAfterBackupRestoration (13ms)
Platform modules already initialized, skipping
Refreshing native plugins compatible for Editor in 2.49 ms, found 3 plugins.
Preloading 0 native plugins for Editor in 0.00 ms.
Unloading 3385 Unused Serialized files (Serialized files now loaded: 0)
Unloading 20 unused Assets / (82.6 KB). Loaded Objects now: 3904.
Memory consumption went from 158.1 MB to 158.0 MB.
Total: 2.576000 ms (FindLiveObjects: 0.261900 ms CreateObjectMapping: 0.186300 ms MarkObjects: 2.018300 ms  DeleteObjects: 0.108600 ms)

AssetImportParameters requested are different than current active one (requested -> active):
  custom:video-decoder-ogg-theora: a1e56fd34408186e4bbccfd4996cb3dc -> 
  custom:container-muxer-webm: aa71ff27fc2769a1b78a27578f13a17b -> 
  custom:container-demuxer-webm: 4f35f7cbe854078d1ac9338744f61a02 -> 
  custom:video-encoder-webm-vp8: eb34c28f22e8b96e1ab97ce403110664 -> 
  custom:audio-encoder-webm-vorbis: bf7c407c2cedff20999df2af8eb42d56 -> 
  custom:framework-win-MediaFoundation: 216162199b28c13a410421893ffa2e32 -> 
  custom:container-demuxer-ogg: 62fdf1f143b41e24485cea50d1cbac27 -> 
  custom:video-decoder-webm-vp8: 9c59270c3fd7afecdb556c50c9e8de78 -> 
  custom:audio-decoder-ogg-vorbis: bf7c407c2cedff20999df2af8eb42d56 -> 
========================================================================
Received Prepare
Refreshing native plugins compatible for Editor in 6.02 ms, found 3 plugins.
Preloading 0 native plugins for Editor in 0.00 ms.
Unloading 20 Unused Serialized files (Serialized files now loaded: 0)
Unloading 20 unused Assets / (79.9 KB). Loaded Objects now: 3904.
Memory consumption went from 89.7 MB to 89.6 MB.
Total: 2.519100 ms (FindLiveObjects: 0.232400 ms CreateObjectMapping: 0.151000 ms MarkObjects: 2.036400 ms  DeleteObjects: 0.098500 ms)

AssetImportParameters requested are different than current active one (requested -> active):
  custom:video-decoder-ogg-theora: a1e56fd34408186e4bbccfd4996cb3dc -> 
  custom:container-muxer-webm: aa71ff27fc2769a1b78a27578f13a17b -> 
  custom:container-demuxer-webm: 4f35f7cbe854078d1ac9338744f61a02 -> 
  custom:video-encoder-webm-vp8: eb34c28f22e8b96e1ab97ce403110664 -> 
  custom:audio-encoder-webm-vorbis: bf7c407c2cedff20999df2af8eb42d56 -> 
  custom:framework-win-MediaFoundation: 216162199b28c13a410421893ffa2e32 -> 
  custom:container-demuxer-ogg: 62fdf1f143b41e24485cea50d1cbac27 -> 
  custom:video-decoder-webm-vp8: 9c59270c3fd7afecdb556c50c9e8de78 -> 
  custom:audio-decoder-ogg-vorbis: bf7c407c2cedff20999df2af8eb42d56 -> 
========================================================================
Received Import Request.
  Time since last request: 398.643580 seconds.
  path: Assets/Hovl Studio/Magic sword/Demo MagicSwords.unity
  artifactKey: Guid(22e02d3909ead644fb48abdde58ff2bf) Importer(815301076,1909f56bfc062723c751e8b465ee728b)
Start importing Assets/Hovl Studio/Magic sword/Demo MagicSwords.unity using Guid(22e02d3909ead644fb48abdde58ff2bf) Importer(815301076,1909f56bfc062723c751e8b465ee728b)  -> (artifact id: '53aa229b0f4f9526d7fa518ea2f596d0') in 0.006842 seconds 
========================================================================
Received Import Request.
  Time since last request: 2.051770 seconds.
  path: Assets/Hovl Studio/Magic sword/Models
  artifactKey: Guid(72fa38aa9f676db40bfd92b3fcd9c61b) Importer(815301076,1909f56bfc062723c751e8b465ee728b)
Start importing Assets/Hovl Studio/Magic sword/Models using Guid(72fa38aa9f676db40bfd92b3fcd9c61b) Importer(815301076,1909f56bfc062723c751e8b465ee728b)  -> (artifact id: '7ccfb5cd61d7875c6cd3266e63f266bb') in 0.005774 seconds 
========================================================================
Received Import Request.
  Time since last request: 5.399585 seconds.
  path: Assets/Assets/WizardMonster/Animations/Legacy/with weapon
  artifactKey: Guid(0d8ae0a0850fefb4b987f0cfd4ee75df) Importer(815301076,1909f56bfc062723c751e8b465ee728b)
Start importing Assets/Assets/WizardMonster/Animations/Legacy/with weapon using Guid(0d8ae0a0850fefb4b987f0cfd4ee75df) Importer(815301076,1909f56bfc062723c751e8b465ee728b)  -> (artifact id: 'eb1ea5eecb2b2a26eb8dd160872a21ee') in 0.006451 seconds 
========================================================================
Received Import Request.
  Time since last request: 4.015398 seconds.
  path: Assets/Assets/WizardMonster/Animations/Mecanim
  artifactKey: Guid(6b801b5a71485784a9ab01f36a9d3d6c) Importer(815301076,1909f56bfc062723c751e8b465ee728b)
Start importing Assets/Assets/WizardMonster/Animations/Mecanim using Guid(6b801b5a71485784a9ab01f36a9d3d6c) Importer(815301076,1909f56bfc062723c751e8b465ee728b)  -> (artifact id: 'b58262dc9b38e34920b35df1a820dcf8') in 0.005843 seconds 
========================================================================
Received Import Request.
  Time since last request: 0.916712 seconds.
  path: Assets/Assets/WizardMonster/Animations/Mecanim/with weapon
  artifactKey: Guid(b419768572b3d4a418fb96574c23ff9d) Importer(815301076,1909f56bfc062723c751e8b465ee728b)
Start importing Assets/Assets/WizardMonster/Animations/Mecanim/with weapon using Guid(b419768572b3d4a418fb96574c23ff9d) Importer(815301076,1909f56bfc062723c751e8b465ee728b)  -> (artifact id: '011e7b898054c1a30436a6960444c6c5') in 0.002699 seconds 
========================================================================
Received Import Request.
  Time since last request: 0.407129 seconds.
  path: Assets/Assets/WizardMonster/Animations/Mecanim/without weapon
  artifactKey: Guid(70fc1072dbce5db45b7adcfff3fed701) Importer(815301076,1909f56bfc062723c751e8b465ee728b)
Start importing Assets/Assets/WizardMonster/Animations/Mecanim/without weapon using Guid(70fc1072dbce5db45b7adcfff3fed701) Importer(815301076,1909f56bfc062723c751e8b465ee728b)  -> (artifact id: '549168be8597c51dfec1215ef74bb520') in 0.005594 seconds 
========================================================================
Received Import Request.
  Time since last request: 9.921092 seconds.
  path: Assets/Assets/WizardMonster/Environment/Demo Scene
  artifactKey: Guid(569c80755809c7a45811c142e9647007) Importer(815301076,1909f56bfc062723c751e8b465ee728b)
Start importing Assets/Assets/WizardMonster/Environment/Demo Scene using Guid(569c80755809c7a45811c142e9647007) Importer(815301076,1909f56bfc062723c751e8b465ee728b)  -> (artifact id: 'cf87b89af3219fb5958df9422e66cd66') in 0.006630 seconds 
========================================================================
Received Import Request.
  Time since last request: 71.600428 seconds.
  path: Assets/Scenes/Stage 1.unity
  artifactKey: Guid(709724d459435f943a5579e015db6ace) Importer(815301076,1909f56bfc062723c751e8b465ee728b)
Start importing Assets/Scenes/Stage 1.unity using Guid(709724d459435f943a5579e015db6ace) Importer(815301076,1909f56bfc062723c751e8b465ee728b)  -> (artifact id: '3441cc9a98e9f2d7ad3df9cb81844c3d') in 0.006321 seconds 
========================================================================
Received Import Request.
  Time since last request: 9.327922 seconds.
  path: Assets/Prefabs/Ball.prefab
  artifactKey: Guid(b2610167d69e2e14796e1f9347ad491a) Importer(815301076,1909f56bfc062723c751e8b465ee728b)
Start importing Assets/Prefabs/Ball.prefab using Guid(b2610167d69e2e14796e1f9347ad491a) Importer(815301076,1909f56bfc062723c751e8b465ee728b)  -> (artifact id: '553c8a1b9b62b19b784ad6a358f12fb2') in 0.093505 seconds 
========================================================================
Received Import Request.
  Time since last request: 0.000023 seconds.
  path: Assets/Prefabs/Floor2.prefab
  artifactKey: Guid(5d728ad4fa091824f981915c447c922c) Importer(815301076,1909f56bfc062723c751e8b465ee728b)
Start importing Assets/Prefabs/Floor2.prefab using Guid(5d728ad4fa091824f981915c447c922c) Importer(815301076,1909f56bfc062723c751e8b465ee728b)  -> (artifact id: '2b98fda51624e182ac19764ac38ca909') in 0.016074 seconds 
========================================================================
Received Import Request.
  Time since last request: 0.000022 seconds.
  path: Assets/Prefabs/Floor1.prefab
  artifactKey: Guid(988eb78a2af51b54cb8c3127ae2bf66b) Importer(815301076,1909f56bfc062723c751e8b465ee728b)
Start importing Assets/Prefabs/Floor1.prefab using Guid(988eb78a2af51b54cb8c3127ae2bf66b) Importer(815301076,1909f56bfc062723c751e8b465ee728b)  -> (artifact id: '7f01a820a80402df79bc1f677daeb092') in 0.013836 seconds 
========================================================================
Received Import Request.
  Time since last request: 0.000018 seconds.
  path: Assets/Prefabs/Dungeon Door.prefab
  artifactKey: Guid(c85cc3e2c08d79c4ebbaafb83d4f35d3) Importer(815301076,1909f56bfc062723c751e8b465ee728b)
Start importing Assets/Prefabs/Dungeon Door.prefab using Guid(c85cc3e2c08d79c4ebbaafb83d4f35d3) Importer(815301076,1909f56bfc062723c751e8b465ee728b)  -> (artifact id: '3ed742a4a74a73f3f81a9d04b69670a6') in 0.010908 seconds 
========================================================================
Received Import Request.
  Time since last request: 2.284513 seconds.
  path: Assets/Materials/SandStoneDEEP A 1.mat
  artifactKey: Guid(5ba697fb0d3d9ec4090abefba909f470) Importer(815301076,1909f56bfc062723c751e8b465ee728b)
Start importing Assets/Materials/SandStoneDEEP A 1.mat using Guid(5ba697fb0d3d9ec4090abefba909f470) Importer(815301076,1909f56bfc062723c751e8b465ee728b)  -> (artifact id: '57f7283f8ae5dd7da9f48ae797c2bc63') in 0.060012 seconds 
========================================================================
Received Import Request.
  Time since last request: 0.000017 seconds.
  path: Assets/Materials/SandStoneDEEP C.mat
  artifactKey: Guid(6ce3242a6fc16d5469a98862414eba38) Importer(815301076,1909f56bfc062723c751e8b465ee728b)
Start importing Assets/Materials/SandStoneDEEP C.mat using Guid(6ce3242a6fc16d5469a98862414eba38) Importer(815301076,1909f56bfc062723c751e8b465ee728b)  -> (artifact id: '202935a82a5fd601a818b16c99f35447') in 0.015847 seconds 
========================================================================
Received Import Request.
  Time since last request: 0.000024 seconds.
  path: Assets/Materials/SandStoneDEEP C 1.mat
  artifactKey: Guid(7c28e29737c5bf0478e9498c9eba9f7b) Importer(815301076,1909f56bfc062723c751e8b465ee728b)
Start importing Assets/Materials/SandStoneDEEP C 1.mat using Guid(7c28e29737c5bf0478e9498c9eba9f7b) Importer(815301076,1909f56bfc062723c751e8b465ee728b)  -> (artifact id: '37eb49dd0b119afb1dc53ef68ae353d1') in 0.015706 seconds 
========================================================================
Received Import Request.
  Time since last request: 97.112304 seconds.
  path: Assets/New Terrain 1.asset
  artifactKey: Guid(2231c37c763543041b4d23319e408ccd) Importer(815301076,1909f56bfc062723c751e8b465ee728b)
Start importing Assets/New Terrain 1.asset using Guid(2231c37c763543041b4d23319e408ccd) Importer(815301076,1909f56bfc062723c751e8b465ee728b)  -> (artifact id: '7cf0fe0d37e9aafbb39064140a0dec04') in 0.023822 seconds 
========================================================================
Received Import Request.
  Time since last request: 3.059497 seconds.
  path: Assets/Materials/RawStoneDEP_ST.mat
  artifactKey: Guid(282cac114f37e5d40be26253daa00550) Importer(815301076,1909f56bfc062723c751e8b465ee728b)
Start importing Assets/Materials/RawStoneDEP_ST.mat using Guid(282cac114f37e5d40be26253daa00550) Importer(815301076,1909f56bfc062723c751e8b465ee728b)  -> (artifact id: '472e89ccbaa665fbf1110d5bd5051e6b') in 0.020712 seconds 
========================================================================
Received Import Request.
  Time since last request: 55.374711 seconds.
  path: Assets/Prefabs/Floor1.prefab
  artifactKey: Guid(988eb78a2af51b54cb8c3127ae2bf66b) Importer(815301076,1909f56bfc062723c751e8b465ee728b)
Start importing Assets/Prefabs/Floor1.prefab using Guid(988eb78a2af51b54cb8c3127ae2bf66b) Importer(815301076,1909f56bfc062723c751e8b465ee728b)  -> (artifact id: '7dccf9e907731c33a8a01ad915ddf17e') in 0.011649 seconds 
========================================================================
Received Import Request.
  Time since last request: 26.982700 seconds.
  path: Assets/Prefabs/Ball.prefab
  artifactKey: Guid(b2610167d69e2e14796e1f9347ad491a) Importer(815301076,1909f56bfc062723c751e8b465ee728b)
Start importing Assets/Prefabs/Ball.prefab using Guid(b2610167d69e2e14796e1f9347ad491a) Importer(815301076,1909f56bfc062723c751e8b465ee728b)  -> (artifact id: 'eb80c6dab37825a358078534971996a0') in 0.010604 seconds 
========================================================================
Received Import Request.
  Time since last request: 13.179338 seconds.
  path: Assets/Materials/RawStoneDEP_ST.mat
  artifactKey: Guid(282cac114f37e5d40be26253daa00550) Importer(815301076,1909f56bfc062723c751e8b465ee728b)
Start importing Assets/Materials/RawStoneDEP_ST.mat using Guid(282cac114f37e5d40be26253daa00550) Importer(815301076,1909f56bfc062723c751e8b465ee728b)  -> (artifact id: '9e127f5fd04d4ef037743b7f3ac800a3') in 0.014195 seconds 
========================================================================
Received Import Request.
  Time since last request: 0.008405 seconds.
  path: Assets/Materials/SandStoneDEEP B 1.mat
  artifactKey: Guid(960230b447c2bc5479b55635de81e372) Importer(815301076,1909f56bfc062723c751e8b465ee728b)
Start importing Assets/Materials/SandStoneDEEP B 1.mat using Guid(960230b447c2bc5479b55635de81e372) Importer(815301076,1909f56bfc062723c751e8b465ee728b)  -> (artifact id: 'be027341c4a8459972f9399693a6df83') in 0.014556 seconds 
========================================================================
Received Import Request.
  Time since last request: 0.000021 seconds.
  path: Assets/Materials/SandStoneDEEP C.mat
  artifactKey: Guid(6ce3242a6fc16d5469a98862414eba38) Importer(815301076,1909f56bfc062723c751e8b465ee728b)
Start importing Assets/Materials/SandStoneDEEP C.mat using Guid(6ce3242a6fc16d5469a98862414eba38) Importer(815301076,1909f56bfc062723c751e8b465ee728b)  -> (artifact id: '557db3c402bd41f332f781bd36430d17') in 0.015381 seconds 
========================================================================
Received Import Request.
  Time since last request: 0.000017 seconds.
  path: Assets/Materials/SandStoneDEEP A.mat
  artifactKey: Guid(ad0a12c1684b7f24db7b68d3e7aaac25) Importer(815301076,1909f56bfc062723c751e8b465ee728b)
Start importing Assets/Materials/SandStoneDEEP A.mat using Guid(ad0a12c1684b7f24db7b68d3e7aaac25) Importer(815301076,1909f56bfc062723c751e8b465ee728b)  -> (artifact id: '1ae8ee48e71ffd1a2fce04c7a0934572') in 0.019358 seconds 
========================================================================
Received Import Request.
  Time since last request: 0.000032 seconds.
  path: Assets/Materials/SandStoneDEEP B.mat
  artifactKey: Guid(608b7a22a5395d24181840c5a3276b65) Importer(815301076,1909f56bfc062723c751e8b465ee728b)
Start importing Assets/Materials/SandStoneDEEP B.mat using Guid(608b7a22a5395d24181840c5a3276b65) Importer(815301076,1909f56bfc062723c751e8b465ee728b)  -> (artifact id: '2412faad71319b937b159f6466599574') in 0.014308 seconds 
========================================================================
Received Import Request.
  Time since last request: 0.000065 seconds.
  path: Assets/Materials/SandStoneDEEP C 1.mat
  artifactKey: Guid(7c28e29737c5bf0478e9498c9eba9f7b) Importer(815301076,1909f56bfc062723c751e8b465ee728b)
Start importing Assets/Materials/SandStoneDEEP C 1.mat using Guid(7c28e29737c5bf0478e9498c9eba9f7b) Importer(815301076,1909f56bfc062723c751e8b465ee728b)  -> (artifact id: 'd43ed2e29d8f184726eb261a9ce627f2') in 0.014824 seconds 
========================================================================
Received Import Request.
  Time since last request: 2.940947 seconds.
  path: Assets/Prefabs/Ball.prefab
  artifactKey: Guid(b2610167d69e2e14796e1f9347ad491a) Importer(815301076,1909f56bfc062723c751e8b465ee728b)
Start importing Assets/Prefabs/Ball.prefab using Guid(b2610167d69e2e14796e1f9347ad491a) Importer(815301076,1909f56bfc062723c751e8b465ee728b)  -> (artifact id: 'cad529091d5571ddfbda31136fd05cf1') in 0.013957 seconds 
========================================================================
Received Import Request.
  Time since last request: 0.000015 seconds.
  path: Assets/Prefabs/Floor2.prefab
  artifactKey: Guid(5d728ad4fa091824f981915c447c922c) Importer(815301076,1909f56bfc062723c751e8b465ee728b)
Start importing Assets/Prefabs/Floor2.prefab using Guid(5d728ad4fa091824f981915c447c922c) Importer(815301076,1909f56bfc062723c751e8b465ee728b)  -> (artifact id: 'cf2794a31808eef63e3f76141e5adcdd') in 0.012791 seconds 
========================================================================
Received Prepare
Registering precompiled user dll's ...
Registered in 0.011333 seconds.
Begin MonoManager ReloadAssembly
Symbol file LoadedFromMemory doesn't match image C:\Users\user\OneDrive\바탕 화면\깃허브 레포지터리\CG_HW2_CJU\CG_HW2_CJU\Library\PackageCache\com.unity.visualscripting@1.7.8\Editor\VisualScripting.Core\Dependencies\YamlDotNet\Unity.VisualScripting.YamlDotNet.dll
Symbol file LoadedFromMemory doesn't match image C:\Users\user\OneDrive\바탕 화면\깃허브 레포지터리\CG_HW2_CJU\CG_HW2_CJU\Library\PackageCache\com.unity.visualscripting@1.7.8\Editor\VisualScripting.Core\Dependencies\DotNetZip\Unity.VisualScripting.IonicZip.dll
Native extension for WindowsStandalone target not found
Refreshing native plugins compatible for Editor in 0.55 ms, found 3 plugins.
Preloading 0 native plugins for Editor in 0.00 ms.
Mono: successfully reloaded assembly
- Completed reload, in  1.032 seconds
Domain Reload Profiling:
	ReloadAssembly (1032ms)
		BeginReloadAssembly (161ms)
			ExecutionOrderSort (0ms)
			DisableScriptedObjects (4ms)
			BackupInstance (0ms)
			ReleaseScriptingObjects (0ms)
			CreateAndSetChildDomain (34ms)
		EndReloadAssembly (761ms)
			LoadAssemblies (124ms)
			RebuildTransferFunctionScriptingTraits (0ms)
			SetupTypeCache (235ms)
			ReleaseScriptCaches (1ms)
			RebuildScriptCaches (40ms)
			SetupLoadedEditorAssemblies (339ms)
				LogAssemblyErrors (0ms)
				InitializePlatformSupportModulesInManaged (15ms)
				SetLoadedEditorAssemblies (0ms)
				RefreshPlugins (1ms)
				BeforeProcessingInitializeOnLoad (94ms)
				ProcessInitializeOnLoadAttributes (187ms)
				ProcessInitializeOnLoadMethodAttributes (26ms)
				AfterProcessingInitializeOnLoad (16ms)
				EditorAssembliesLoaded (0ms)
			ExecutionOrderSort2 (0ms)
			AwakeInstancesAfterBackupRestoration (12ms)
Platform modules already initialized, skipping
Refreshing native plugins compatible for Editor in 2.37 ms, found 3 plugins.
Preloading 0 native plugins for Editor in 0.00 ms.
Unloading 3385 Unused Serialized files (Serialized files now loaded: 0)
Unloading 20 unused Assets / (83.1 KB). Loaded Objects now: 3943.
Memory consumption went from 158.4 MB to 158.3 MB.
Total: 2.362600 ms (FindLiveObjects: 0.232300 ms CreateObjectMapping: 0.139500 ms MarkObjects: 1.897800 ms  DeleteObjects: 0.092300 ms)

AssetImportParameters requested are different than current active one (requested -> active):
  custom:video-decoder-ogg-theora: a1e56fd34408186e4bbccfd4996cb3dc -> 
  custom:container-muxer-webm: aa71ff27fc2769a1b78a27578f13a17b -> 
  custom:container-demuxer-webm: 4f35f7cbe854078d1ac9338744f61a02 -> 
  custom:video-encoder-webm-vp8: eb34c28f22e8b96e1ab97ce403110664 -> 
  custom:audio-encoder-webm-vorbis: bf7c407c2cedff20999df2af8eb42d56 -> 
  custom:framework-win-MediaFoundation: 216162199b28c13a410421893ffa2e32 -> 
  custom:container-demuxer-ogg: 62fdf1f143b41e24485cea50d1cbac27 -> 
  custom:video-decoder-webm-vp8: 9c59270c3fd7afecdb556c50c9e8de78 -> 
  custom:audio-decoder-ogg-vorbis: bf7c407c2cedff20999df2af8eb42d56 -> 
========================================================================
Received Prepare
Refreshing native plugins compatible for Editor in 6.74 ms, found 3 plugins.
Preloading 0 native plugins for Editor in 0.00 ms.
Unloading 20 Unused Serialized files (Serialized files now loaded: 0)
Unloading 20 unused Assets / (80.5 KB). Loaded Objects now: 3943.
Memory consumption went from 89.9 MB to 89.9 MB.
Total: 2.500400 ms (FindLiveObjects: 0.240800 ms CreateObjectMapping: 0.175500 ms MarkObjects: 1.969900 ms  DeleteObjects: 0.113500 ms)

AssetImportParameters requested are different than current active one (requested -> active):
  custom:video-decoder-ogg-theora: a1e56fd34408186e4bbccfd4996cb3dc -> 
  custom:container-muxer-webm: aa71ff27fc2769a1b78a27578f13a17b -> 
  custom:container-demuxer-webm: 4f35f7cbe854078d1ac9338744f61a02 -> 
  custom:video-encoder-webm-vp8: eb34c28f22e8b96e1ab97ce403110664 -> 
  custom:audio-encoder-webm-vorbis: bf7c407c2cedff20999df2af8eb42d56 -> 
  custom:framework-win-MediaFoundation: 216162199b28c13a410421893ffa2e32 -> 
  custom:container-demuxer-ogg: 62fdf1f143b41e24485cea50d1cbac27 -> 
  custom:video-decoder-webm-vp8: 9c59270c3fd7afecdb556c50c9e8de78 -> 
  custom:audio-decoder-ogg-vorbis: bf7c407c2cedff20999df2af8eb42d56 -> 
Editor requested this worker to shutdown with reason: Scaling down because of idle timeout
AssetImportWorker is now disconnected from the server
Process exiting
Exiting without the bug reporter. Application will terminate with return code 0